Loading required package: igraph

Attaching package: ‘igraph’

The following objects are masked from ‘package:stats’:

    decompose, spectrum

The following object is masked from ‘package:base’:

    union

Loading required package: reticulate
Loading required package: pandaR
Loading required package: Biobase
Loading required package: BiocGenerics

Attaching package: ‘BiocGenerics’

The following objects are masked from ‘package:igraph’:

    normalize, path, union

The following objects are masked from ‘package:stats’:

    IQR, mad, sd, var, xtabs

The following objects are masked from ‘package:base’:

    anyDuplicated, aperm, append, as.data.frame, basename, cbind,
    colnames, dirname, do.call, duplicated, eval, evalq, Filter, Find,
    get, grep, grepl, intersect, is.unsorted, lapply, Map, mapply,
    match, mget, order, paste, pmax, pmax.int, pmin, pmin.int,
    Position, rank, rbind, Reduce, rownames, sapply, setdiff, sort,
    table, tapply, union, unique, unsplit, which.max, which.min

Welcome to Bioconductor

    Vignettes contain introductory material; view with
    'browseVignettes()'. To cite Bioconductor, see
    'citation("Biobase")', and for packages 'citation("pkgname")'.

Loading required package: yarn
Setting options('download.file.method.GEOquery'='auto')
Setting options('GEOquery.inmemory.gpl'=FALSE)
Loading required package: matrixcalc

Attaching package: ‘matrixcalc’

The following object is masked from ‘package:igraph’:

    %s%



Warning message:
replacing previous import ‘utils::findMatches’ by ‘S4Vectors::findMatches’ when loading ‘AnnotationForge’ 
Loading required package: ExperimentHub
Loading required package: AnnotationHub
Loading required package: BiocFileCache
Loading required package: dbplyr

Attaching package: ‘AnnotationHub’

The following object is masked from ‘package:Biobase’:

    cache

'select()' returned 1:many mapping between keys and columns
Joining with `by = join_by(h_sapiens_ensembl_id)`
Joining with `by = join_by(h_sapiens_ensembl_id)`
Iteration0: hamming distance =2.65957
Iteration1: hamming distance =0.66334
Iteration2: hamming distance =0.52737
Iteration3: hamming distance =0.47191
Iteration4: hamming distance =0.43136
Iteration5: hamming distance =0.39401
Iteration6: hamming distance =0.35735
Iteration7: hamming distance =0.32124
Iteration8: hamming distance =0.28622
Iteration9: hamming distance =0.25288
Iteration10: hamming distance =0.22174
Iteration11: hamming distance =0.19311
Iteration12: hamming distance =0.16716
Iteration13: hamming distance =0.14393
Iteration14: hamming distance =0.12334
Iteration15: hamming distance =0.10524
Iteration16: hamming distance =0.08947
Iteration17: hamming distance =0.0758
Iteration18: hamming distance =0.06403
Iteration19: hamming distance =0.05394
Iteration20: hamming distance =0.04533
Iteration21: hamming distance =0.038
Iteration22: hamming distance =0.0318
Iteration23: hamming distance =0.02656
Iteration24: hamming distance =0.02215
Iteration25: hamming distance =0.01844
Iteration26: hamming distance =0.01533
Iteration27: hamming distance =0.01272
Iteration28: hamming distance =0.01055
Iteration29: hamming distance =0.00874
Iteration30: hamming distance =0.00723
Iteration31: hamming distance =0.00598
Iteration32: hamming distance =0.00494
Iteration33: hamming distance =0.00408
Iteration34: hamming distance =0.00336
Iteration35: hamming distance =0.00277
Iteration36: hamming distance =0.00228
Iteration37: hamming distance =0.00188
Iteration38: hamming distance =0.00155
Iteration39: hamming distance =0.00127
Iteration40: hamming distance =0.00105
Iteration41: hamming distance =0.00086
Successfully ran PANDA on 22932 Genes and 712 TFs.
Time elapsed:3113.28seconds.
Warning message:
In cor(t(expr), method = cor.method, use = "pairwise.complete.obs") :
  the standard deviation is zero
