Loading required package: igraph

Attaching package: ‘igraph’

The following objects are masked from ‘package:stats’:

    decompose, spectrum

The following object is masked from ‘package:base’:

    union

Loading required package: reticulate
Loading required package: pandaR
Loading required package: Biobase
Loading required package: BiocGenerics

Attaching package: ‘BiocGenerics’

The following objects are masked from ‘package:igraph’:

    normalize, path, union

The following objects are masked from ‘package:stats’:

    IQR, mad, sd, var, xtabs

The following objects are masked from ‘package:base’:

    anyDuplicated, aperm, append, as.data.frame, basename, cbind,
    colnames, dirname, do.call, duplicated, eval, evalq, Filter, Find,
    get, grep, grepl, intersect, is.unsorted, lapply, Map, mapply,
    match, mget, order, paste, pmax, pmax.int, pmin, pmin.int,
    Position, rank, rbind, Reduce, rownames, sapply, setdiff, sort,
    table, tapply, union, unique, unsplit, which.max, which.min

Welcome to Bioconductor

    Vignettes contain introductory material; view with
    'browseVignettes()'. To cite Bioconductor, see
    'citation("Biobase")', and for packages 'citation("pkgname")'.

Loading required package: yarn
Setting options('download.file.method.GEOquery'='auto')
Setting options('GEOquery.inmemory.gpl'=FALSE)
Loading required package: matrixcalc

Attaching package: ‘matrixcalc’

The following object is masked from ‘package:igraph’:

    %s%



Warning message:
replacing previous import ‘utils::findMatches’ by ‘S4Vectors::findMatches’ when loading ‘AnnotationForge’ 
Loading required package: ExperimentHub
Loading required package: AnnotationHub
Loading required package: BiocFileCache
Loading required package: dbplyr

Attaching package: ‘AnnotationHub’

The following object is masked from ‘package:Biobase’:

    cache

'select()' returned 1:many mapping between keys and columns
Joining with `by = join_by(h_sapiens_ensembl_id)`
Joining with `by = join_by(h_sapiens_ensembl_id)`
Iteration0: hamming distance =3.52859
Iteration1: hamming distance =0.80776
Iteration2: hamming distance =0.65006
Iteration3: hamming distance =0.58563
Iteration4: hamming distance =0.53716
Iteration5: hamming distance =0.49147
Iteration6: hamming distance =0.44603
Iteration7: hamming distance =0.40098
Iteration8: hamming distance =0.35715
Iteration9: hamming distance =0.31539
Iteration10: hamming distance =0.27637
Iteration11: hamming distance =0.24053
Iteration12: hamming distance =0.20808
Iteration13: hamming distance =0.17905
Iteration14: hamming distance =0.15334
Iteration15: hamming distance =0.13077
Iteration16: hamming distance =0.11112
Iteration17: hamming distance =0.0941
Iteration18: hamming distance =0.07945
Iteration19: hamming distance =0.06691
Iteration20: hamming distance =0.0562
Iteration21: hamming distance =0.04711
Iteration22: hamming distance =0.03941
Iteration23: hamming distance =0.03291
Iteration24: hamming distance =0.02743
Iteration25: hamming distance =0.02283
Iteration26: hamming distance =0.01898
Iteration27: hamming distance =0.01575
Iteration28: hamming distance =0.01306
Iteration29: hamming distance =0.01082
Iteration30: hamming distance =0.00895
Iteration31: hamming distance =0.0074
Iteration32: hamming distance =0.00611
Iteration33: hamming distance =0.00504
Iteration34: hamming distance =0.00416
Iteration35: hamming distance =0.00343
Iteration36: hamming distance =0.00282
Iteration37: hamming distance =0.00232
Iteration38: hamming distance =0.00191
Iteration39: hamming distance =0.00157
Iteration40: hamming distance =0.00129
Iteration41: hamming distance =0.00106
Iteration42: hamming distance =0.00087
Successfully ran PANDA on 22932 Genes and 712 TFs.
Time elapsed:3182.2seconds.
Warning message:
In cor(t(expr), method = cor.method, use = "pairwise.complete.obs") :
  the standard deviation is zero
