Loading required package: igraph

Attaching package: ‘igraph’

The following objects are masked from ‘package:stats’:

    decompose, spectrum

The following object is masked from ‘package:base’:

    union

Loading required package: reticulate
Loading required package: pandaR
Loading required package: Biobase
Loading required package: BiocGenerics

Attaching package: ‘BiocGenerics’

The following objects are masked from ‘package:igraph’:

    normalize, path, union

The following objects are masked from ‘package:stats’:

    IQR, mad, sd, var, xtabs

The following objects are masked from ‘package:base’:

    anyDuplicated, aperm, append, as.data.frame, basename, cbind,
    colnames, dirname, do.call, duplicated, eval, evalq, Filter, Find,
    get, grep, grepl, intersect, is.unsorted, lapply, Map, mapply,
    match, mget, order, paste, pmax, pmax.int, pmin, pmin.int,
    Position, rank, rbind, Reduce, rownames, sapply, setdiff, sort,
    table, tapply, union, unique, unsplit, which.max, which.min

Welcome to Bioconductor

    Vignettes contain introductory material; view with
    'browseVignettes()'. To cite Bioconductor, see
    'citation("Biobase")', and for packages 'citation("pkgname")'.

Loading required package: yarn
Setting options('download.file.method.GEOquery'='auto')
Setting options('GEOquery.inmemory.gpl'=FALSE)
Loading required package: matrixcalc

Attaching package: ‘matrixcalc’

The following object is masked from ‘package:igraph’:

    %s%



Warning message:
replacing previous import ‘utils::findMatches’ by ‘S4Vectors::findMatches’ when loading ‘AnnotationForge’ 
Loading required package: ExperimentHub
Loading required package: AnnotationHub
Loading required package: BiocFileCache
Loading required package: dbplyr

Attaching package: ‘AnnotationHub’

The following object is masked from ‘package:Biobase’:

    cache

'select()' returned 1:many mapping between keys and columns
Joining with `by = join_by(h_sapiens_ensembl_id)`
Joining with `by = join_by(h_sapiens_ensembl_id)`
Iteration0: hamming distance =3.37851
Iteration1: hamming distance =0.8078
Iteration2: hamming distance =0.6424
Iteration3: hamming distance =0.57631
Iteration4: hamming distance =0.52764
Iteration5: hamming distance =0.48232
Iteration6: hamming distance =0.4375
Iteration7: hamming distance =0.39321
Iteration8: hamming distance =0.35018
Iteration9: hamming distance =0.30922
Iteration10: hamming distance =0.27096
Iteration11: hamming distance =0.23583
Iteration12: hamming distance =0.20402
Iteration13: hamming distance =0.17555
Iteration14: hamming distance =0.15035
Iteration15: hamming distance =0.12823
Iteration16: hamming distance =0.10896
Iteration17: hamming distance =0.09227
Iteration18: hamming distance =0.07791
Iteration19: hamming distance =0.06561
Iteration20: hamming distance =0.05511
Iteration21: hamming distance =0.04619
Iteration22: hamming distance =0.03864
Iteration23: hamming distance =0.03227
Iteration24: hamming distance =0.0269
Iteration25: hamming distance =0.02239
Iteration26: hamming distance =0.01861
Iteration27: hamming distance =0.01544
Iteration28: hamming distance =0.0128
Iteration29: hamming distance =0.0106
Iteration30: hamming distance =0.00877
Iteration31: hamming distance =0.00725
Iteration32: hamming distance =0.00599
Iteration33: hamming distance =0.00494
Iteration34: hamming distance =0.00408
Iteration35: hamming distance =0.00336
Iteration36: hamming distance =0.00277
Iteration37: hamming distance =0.00228
Iteration38: hamming distance =0.00187
Iteration39: hamming distance =0.00154
Iteration40: hamming distance =0.00127
Iteration41: hamming distance =0.00104
Iteration42: hamming distance =0.00086
Successfully ran PANDA on 22932 Genes and 712 TFs.
Time elapsed:3483.91seconds.
Warning message:
In cor(t(expr), method = cor.method, use = "pairwise.complete.obs") :
  the standard deviation is zero
