Loading required package: igraph

Attaching package: ‘igraph’

The following objects are masked from ‘package:stats’:

    decompose, spectrum

The following object is masked from ‘package:base’:

    union

Loading required package: reticulate
Loading required package: pandaR
Loading required package: Biobase
Loading required package: BiocGenerics

Attaching package: ‘BiocGenerics’

The following objects are masked from ‘package:igraph’:

    normalize, path, union

The following objects are masked from ‘package:stats’:

    IQR, mad, sd, var, xtabs

The following objects are masked from ‘package:base’:

    anyDuplicated, aperm, append, as.data.frame, basename, cbind,
    colnames, dirname, do.call, duplicated, eval, evalq, Filter, Find,
    get, grep, grepl, intersect, is.unsorted, lapply, Map, mapply,
    match, mget, order, paste, pmax, pmax.int, pmin, pmin.int,
    Position, rank, rbind, Reduce, rownames, sapply, setdiff, sort,
    table, tapply, union, unique, unsplit, which.max, which.min

Welcome to Bioconductor

    Vignettes contain introductory material; view with
    'browseVignettes()'. To cite Bioconductor, see
    'citation("Biobase")', and for packages 'citation("pkgname")'.

Loading required package: yarn
Setting options('download.file.method.GEOquery'='auto')
Setting options('GEOquery.inmemory.gpl'=FALSE)
Loading required package: matrixcalc

Attaching package: ‘matrixcalc’

The following object is masked from ‘package:igraph’:

    %s%



Warning message:
replacing previous import ‘utils::findMatches’ by ‘S4Vectors::findMatches’ when loading ‘AnnotationForge’ 
Loading required package: ExperimentHub
Loading required package: AnnotationHub
Loading required package: BiocFileCache
Loading required package: dbplyr

Attaching package: ‘AnnotationHub’

The following object is masked from ‘package:Biobase’:

    cache

'select()' returned 1:many mapping between keys and columns
Joining with `by = join_by(h_sapiens_ensembl_id)`
Joining with `by = join_by(h_sapiens_ensembl_id)`
Iteration0: hamming distance =3.85168
Iteration1: hamming distance =0.77147
Iteration2: hamming distance =0.65271
Iteration3: hamming distance =0.59971
Iteration4: hamming distance =0.5553
Iteration5: hamming distance =0.51073
Iteration6: hamming distance =0.46498
Iteration7: hamming distance =0.41888
Iteration8: hamming distance =0.37362
Iteration9: hamming distance =0.33028
Iteration10: hamming distance =0.28964
Iteration11: hamming distance =0.25222
Iteration12: hamming distance =0.21829
Iteration13: hamming distance =0.18789
Iteration14: hamming distance =0.16096
Iteration15: hamming distance =0.1373
Iteration16: hamming distance =0.11668
Iteration17: hamming distance =0.09882
Iteration18: hamming distance =0.08345
Iteration19: hamming distance =0.07028
Iteration20: hamming distance =0.05904
Iteration21: hamming distance =0.04949
Iteration22: hamming distance =0.0414
Iteration23: hamming distance =0.03457
Iteration24: hamming distance =0.02881
Iteration25: hamming distance =0.02398
Iteration26: hamming distance =0.01993
Iteration27: hamming distance =0.01655
Iteration28: hamming distance =0.01372
Iteration29: hamming distance =0.01136
Iteration30: hamming distance =0.0094
Iteration31: hamming distance =0.00777
Iteration32: hamming distance =0.00642
Iteration33: hamming distance =0.0053
Iteration34: hamming distance =0.00437
Iteration35: hamming distance =0.0036
Iteration36: hamming distance =0.00296
Iteration37: hamming distance =0.00244
Iteration38: hamming distance =0.00201
Iteration39: hamming distance =0.00165
Iteration40: hamming distance =0.00136
Iteration41: hamming distance =0.00112
Iteration42: hamming distance =0.00092
Successfully ran PANDA on 22932 Genes and 712 TFs.
Time elapsed:6818.08seconds.
Warning message:
In cor(t(expr), method = cor.method, use = "pairwise.complete.obs") :
  the standard deviation is zero
