Loading required package: igraph

Attaching package: ‘igraph’

The following objects are masked from ‘package:stats’:

    decompose, spectrum

The following object is masked from ‘package:base’:

    union

Loading required package: reticulate
Loading required package: pandaR
Loading required package: Biobase
Loading required package: BiocGenerics

Attaching package: ‘BiocGenerics’

The following objects are masked from ‘package:igraph’:

    normalize, path, union

The following objects are masked from ‘package:stats’:

    IQR, mad, sd, var, xtabs

The following objects are masked from ‘package:base’:

    anyDuplicated, aperm, append, as.data.frame, basename, cbind,
    colnames, dirname, do.call, duplicated, eval, evalq, Filter, Find,
    get, grep, grepl, intersect, is.unsorted, lapply, Map, mapply,
    match, mget, order, paste, pmax, pmax.int, pmin, pmin.int,
    Position, rank, rbind, Reduce, rownames, sapply, setdiff, sort,
    table, tapply, union, unique, unsplit, which.max, which.min

Welcome to Bioconductor

    Vignettes contain introductory material; view with
    'browseVignettes()'. To cite Bioconductor, see
    'citation("Biobase")', and for packages 'citation("pkgname")'.

Loading required package: yarn
Setting options('download.file.method.GEOquery'='auto')
Setting options('GEOquery.inmemory.gpl'=FALSE)
Loading required package: matrixcalc

Attaching package: ‘matrixcalc’

The following object is masked from ‘package:igraph’:

    %s%



Warning message:
replacing previous import ‘utils::findMatches’ by ‘S4Vectors::findMatches’ when loading ‘AnnotationForge’ 
Loading required package: ExperimentHub
Loading required package: AnnotationHub
Loading required package: BiocFileCache
Loading required package: dbplyr

Attaching package: ‘AnnotationHub’

The following object is masked from ‘package:Biobase’:

    cache

'select()' returned 1:many mapping between keys and columns
Joining with `by = join_by(h_sapiens_ensembl_id)`
Joining with `by = join_by(h_sapiens_ensembl_id)`
Iteration0: hamming distance =4.73287
Iteration1: hamming distance =0.93655
Iteration2: hamming distance =0.81135
Iteration3: hamming distance =0.75266
Iteration4: hamming distance =0.70025
Iteration5: hamming distance =0.6457
Iteration6: hamming distance =0.58866
Iteration7: hamming distance =0.53065
Iteration8: hamming distance =0.47345
Iteration9: hamming distance =0.41853
Iteration10: hamming distance =0.36699
Iteration11: hamming distance =0.31952
Iteration12: hamming distance =0.27647
Iteration13: hamming distance =0.23791
Iteration14: hamming distance =0.20375
Iteration15: hamming distance =0.17376
Iteration16: hamming distance =0.14763
Iteration17: hamming distance =0.12501
Iteration18: hamming distance =0.10554
Iteration19: hamming distance =0.08886
Iteration20: hamming distance =0.07464
Iteration21: hamming distance =0.06255
Iteration22: hamming distance =0.05232
Iteration23: hamming distance =0.04368
Iteration24: hamming distance =0.03641
Iteration25: hamming distance =0.0303
Iteration26: hamming distance =0.02518
Iteration27: hamming distance =0.0209
