Loading required package: igraph

Attaching package: ‘igraph’

The following objects are masked from ‘package:stats’:

    decompose, spectrum

The following object is masked from ‘package:base’:

    union

Loading required package: reticulate
Loading required package: pandaR
Loading required package: Biobase
Loading required package: BiocGenerics

Attaching package: ‘BiocGenerics’

The following objects are masked from ‘package:igraph’:

    normalize, path, union

The following objects are masked from ‘package:stats’:

    IQR, mad, sd, var, xtabs

The following objects are masked from ‘package:base’:

    anyDuplicated, aperm, append, as.data.frame, basename, cbind,
    colnames, dirname, do.call, duplicated, eval, evalq, Filter, Find,
    get, grep, grepl, intersect, is.unsorted, lapply, Map, mapply,
    match, mget, order, paste, pmax, pmax.int, pmin, pmin.int,
    Position, rank, rbind, Reduce, rownames, sapply, setdiff, sort,
    table, tapply, union, unique, unsplit, which.max, which.min

Welcome to Bioconductor

    Vignettes contain introductory material; view with
    'browseVignettes()'. To cite Bioconductor, see
    'citation("Biobase")', and for packages 'citation("pkgname")'.

Loading required package: yarn
Setting options('download.file.method.GEOquery'='auto')
Setting options('GEOquery.inmemory.gpl'=FALSE)
Loading required package: matrixcalc

Attaching package: ‘matrixcalc’

The following object is masked from ‘package:igraph’:

    %s%



Warning message:
replacing previous import ‘utils::findMatches’ by ‘S4Vectors::findMatches’ when loading ‘AnnotationForge’ 
Loading required package: ExperimentHub
Loading required package: AnnotationHub
Loading required package: BiocFileCache
Loading required package: dbplyr

Attaching package: ‘AnnotationHub’

The following object is masked from ‘package:Biobase’:

    cache

'select()' returned 1:many mapping between keys and columns
Joining with `by = join_by(h_sapiens_ensembl_id)`
Joining with `by = join_by(h_sapiens_ensembl_id)`
Iteration0: hamming distance =1.97261
Iteration1: hamming distance =0.49843
Iteration2: hamming distance =0.40959
Iteration3: hamming distance =0.37268
Iteration4: hamming distance =0.34419
Iteration5: hamming distance =0.31672
Iteration6: hamming distance =0.2889
Iteration7: hamming distance =0.26093
Iteration8: hamming distance =0.23339
Iteration9: hamming distance =0.20689
Iteration10: hamming distance =0.18192
Iteration11: hamming distance =0.15881
Iteration12: hamming distance =0.13776
Iteration13: hamming distance =0.11882
Iteration14: hamming distance =0.10198
Iteration15: hamming distance =0.08714
Iteration16: hamming distance =0.07416
Iteration17: hamming distance =0.0629
Iteration18: hamming distance =0.05318
Iteration19: hamming distance =0.04483
Iteration20: hamming distance =0.0377
Iteration21: hamming distance =0.03163
Iteration22: hamming distance =0.02648
Iteration23: hamming distance =0.02212
Iteration24: hamming distance =0.01845
Iteration25: hamming distance =0.01537
Iteration26: hamming distance =0.01278
Iteration27: hamming distance =0.01061
Iteration28: hamming distance =0.0088
Iteration29: hamming distance =0.00729
Iteration30: hamming distance =0.00604
Iteration31: hamming distance =0.00499
Iteration32: hamming distance =0.00412
Iteration33: hamming distance =0.0034
Iteration34: hamming distance =0.00281
Iteration35: hamming distance =0.00231
