Loading required package: igraph

Attaching package: ‘igraph’

The following objects are masked from ‘package:stats’:

    decompose, spectrum

The following object is masked from ‘package:base’:

    union

Loading required package: reticulate
Loading required package: pandaR
Loading required package: Biobase
Loading required package: BiocGenerics

Attaching package: ‘BiocGenerics’

The following objects are masked from ‘package:igraph’:

    normalize, path, union

The following objects are masked from ‘package:stats’:

    IQR, mad, sd, var, xtabs

The following objects are masked from ‘package:base’:

    anyDuplicated, aperm, append, as.data.frame, basename, cbind,
    colnames, dirname, do.call, duplicated, eval, evalq, Filter, Find,
    get, grep, grepl, intersect, is.unsorted, lapply, Map, mapply,
    match, mget, order, paste, pmax, pmax.int, pmin, pmin.int,
    Position, rank, rbind, Reduce, rownames, sapply, setdiff, sort,
    table, tapply, union, unique, unsplit, which.max, which.min

Welcome to Bioconductor

    Vignettes contain introductory material; view with
    'browseVignettes()'. To cite Bioconductor, see
    'citation("Biobase")', and for packages 'citation("pkgname")'.

Loading required package: yarn
Setting options('download.file.method.GEOquery'='auto')
Setting options('GEOquery.inmemory.gpl'=FALSE)
Loading required package: matrixcalc

Attaching package: ‘matrixcalc’

The following object is masked from ‘package:igraph’:

    %s%



Warning message:
replacing previous import ‘utils::findMatches’ by ‘S4Vectors::findMatches’ when loading ‘AnnotationForge’ 
Loading required package: ExperimentHub
Loading required package: AnnotationHub
Loading required package: BiocFileCache
Loading required package: dbplyr

Attaching package: ‘AnnotationHub’

The following object is masked from ‘package:Biobase’:

    cache

'select()' returned 1:many mapping between keys and columns
Joining with `by = join_by(h_sapiens_ensembl_id)`
Joining with `by = join_by(h_sapiens_ensembl_id)`
Iteration0: hamming distance =4.69267
Iteration1: hamming distance =0.9046
Iteration2: hamming distance =0.77601
Iteration3: hamming distance =0.71698
Iteration4: hamming distance =0.66567
Iteration5: hamming distance =0.61309
Iteration6: hamming distance =0.55857
Iteration7: hamming distance =0.50334
Iteration8: hamming distance =0.44897
Iteration9: hamming distance =0.39684
Iteration10: hamming distance =0.34795
Iteration11: hamming distance =0.30292
Iteration12: hamming distance =0.2621
Iteration13: hamming distance =0.22554
Iteration14: hamming distance =0.19316
Iteration15: hamming distance =0.16473
Iteration16: hamming distance =0.13995
Iteration17: hamming distance =0.11851
Iteration18: hamming distance =0.10005
Iteration19: hamming distance =0.08424
Iteration20: hamming distance =0.07076
Iteration21: hamming distance =0.0593
Iteration22: hamming distance =0.0496
Iteration23: hamming distance =0.04141
Iteration24: hamming distance =0.03451
Iteration25: hamming distance =0.02872
Iteration26: hamming distance =0.02387
Iteration27: hamming distance =0.01981
Iteration28: hamming distance =0.01642
Iteration29: hamming distance =0.0136
Iteration30: hamming distance =0.01125
Iteration31: hamming distance =0.0093
Iteration32: hamming distance =0.00768
Iteration33: hamming distance =0.00634
Iteration34: hamming distance =0.00523
Iteration35: hamming distance =0.00431
Iteration36: hamming distance =0.00355
Iteration37: hamming distance =0.00292
Iteration38: hamming distance =0.0024
Iteration39: hamming distance =0.00198
Iteration40: hamming distance =0.00162
Iteration41: hamming distance =0.00133
Iteration42: hamming distance =0.0011
Iteration43: hamming distance =9e-04
Successfully ran PANDA on 22932 Genes and 712 TFs.
Time elapsed:3754.89seconds.
Warning message:
In cor(t(expr), method = cor.method, use = "pairwise.complete.obs") :
  the standard deviation is zero
