Loading required package: igraph

Attaching package: ‘igraph’

The following objects are masked from ‘package:stats’:

    decompose, spectrum

The following object is masked from ‘package:base’:

    union

Loading required package: reticulate
Loading required package: pandaR
Loading required package: Biobase
Loading required package: BiocGenerics

Attaching package: ‘BiocGenerics’

The following objects are masked from ‘package:igraph’:

    normalize, path, union

The following objects are masked from ‘package:stats’:

    IQR, mad, sd, var, xtabs

The following objects are masked from ‘package:base’:

    anyDuplicated, aperm, append, as.data.frame, basename, cbind,
    colnames, dirname, do.call, duplicated, eval, evalq, Filter, Find,
    get, grep, grepl, intersect, is.unsorted, lapply, Map, mapply,
    match, mget, order, paste, pmax, pmax.int, pmin, pmin.int,
    Position, rank, rbind, Reduce, rownames, sapply, setdiff, sort,
    table, tapply, union, unique, unsplit, which.max, which.min

Welcome to Bioconductor

    Vignettes contain introductory material; view with
    'browseVignettes()'. To cite Bioconductor, see
    'citation("Biobase")', and for packages 'citation("pkgname")'.

Loading required package: yarn
Setting options('download.file.method.GEOquery'='auto')
Setting options('GEOquery.inmemory.gpl'=FALSE)
Loading required package: matrixcalc

Attaching package: ‘matrixcalc’

The following object is masked from ‘package:igraph’:

    %s%



Warning message:
replacing previous import ‘utils::findMatches’ by ‘S4Vectors::findMatches’ when loading ‘AnnotationForge’ 
Loading required package: ExperimentHub
Loading required package: AnnotationHub
Loading required package: BiocFileCache
Loading required package: dbplyr

Attaching package: ‘AnnotationHub’

The following object is masked from ‘package:Biobase’:

    cache

'select()' returned 1:many mapping between keys and columns
Joining with `by = join_by(h_sapiens_ensembl_id)`
Joining with `by = join_by(h_sapiens_ensembl_id)`
Iteration0: hamming distance =3.40961
Iteration1: hamming distance =0.69354
Iteration2: hamming distance =0.58795
Iteration3: hamming distance =0.54047
Iteration4: hamming distance =0.50053
Iteration5: hamming distance =0.46043
Iteration6: hamming distance =0.41929
Iteration7: hamming distance =0.37784
Iteration8: hamming distance =0.33714
Iteration9: hamming distance =0.29814
Iteration10: hamming distance =0.26155
Iteration11: hamming distance =0.22785
Iteration12: hamming distance =0.19726
Iteration13: hamming distance =0.16984
Iteration14: hamming distance =0.14554
Iteration15: hamming distance =0.12418
Iteration16: hamming distance =0.10555
Iteration17: hamming distance =0.08941
Iteration18: hamming distance =0.07552
Iteration19: hamming distance =0.0636
Iteration20: hamming distance =0.05344
Iteration21: hamming distance =0.0448
Iteration22: hamming distance =0.03748
Iteration23: hamming distance =0.0313
Iteration24: hamming distance =0.02609
Iteration25: hamming distance =0.02172
Iteration26: hamming distance =0.01805
Iteration27: hamming distance =0.01499
Iteration28: hamming distance =0.01242
Iteration29: hamming distance =0.01029
Iteration30: hamming distance =0.00851
Iteration31: hamming distance =0.00704
Iteration32: hamming distance =0.00581
Iteration33: hamming distance =0.0048
Iteration34: hamming distance =0.00396
Iteration35: hamming distance =0.00326
Iteration36: hamming distance =0.00269
Iteration37: hamming distance =0.00221
Iteration38: hamming distance =0.00182
Iteration39: hamming distance =0.0015
Iteration40: hamming distance =0.00123
Iteration41: hamming distance =0.00101
Iteration42: hamming distance =0.00083
Successfully ran PANDA on 22932 Genes and 712 TFs.
Time elapsed:3663.24seconds.
Warning message:
In cor(t(expr), method = cor.method, use = "pairwise.complete.obs") :
  the standard deviation is zero
