Loading required package: igraph

Attaching package: ‘igraph’

The following objects are masked from ‘package:stats’:

    decompose, spectrum

The following object is masked from ‘package:base’:

    union

Loading required package: reticulate
Loading required package: pandaR
Loading required package: Biobase
Loading required package: BiocGenerics

Attaching package: ‘BiocGenerics’

The following objects are masked from ‘package:igraph’:

    normalize, path, union

The following objects are masked from ‘package:stats’:

    IQR, mad, sd, var, xtabs

The following objects are masked from ‘package:base’:

    anyDuplicated, aperm, append, as.data.frame, basename, cbind,
    colnames, dirname, do.call, duplicated, eval, evalq, Filter, Find,
    get, grep, grepl, intersect, is.unsorted, lapply, Map, mapply,
    match, mget, order, paste, pmax, pmax.int, pmin, pmin.int,
    Position, rank, rbind, Reduce, rownames, sapply, setdiff, sort,
    table, tapply, union, unique, unsplit, which.max, which.min

Welcome to Bioconductor

    Vignettes contain introductory material; view with
    'browseVignettes()'. To cite Bioconductor, see
    'citation("Biobase")', and for packages 'citation("pkgname")'.

Loading required package: yarn
Setting options('download.file.method.GEOquery'='auto')
Setting options('GEOquery.inmemory.gpl'=FALSE)
Loading required package: matrixcalc

Attaching package: ‘matrixcalc’

The following object is masked from ‘package:igraph’:

    %s%



Warning message:
replacing previous import ‘utils::findMatches’ by ‘S4Vectors::findMatches’ when loading ‘AnnotationForge’ 
Loading required package: ExperimentHub
Loading required package: AnnotationHub
Loading required package: BiocFileCache
Loading required package: dbplyr

Attaching package: ‘AnnotationHub’

The following object is masked from ‘package:Biobase’:

    cache

'select()' returned 1:many mapping between keys and columns
Joining with `by = join_by(h_sapiens_ensembl_id)`
Joining with `by = join_by(h_sapiens_ensembl_id)`
Iteration0: hamming distance =4.60992
Iteration1: hamming distance =0.92287
Iteration2: hamming distance =0.78696
Iteration3: hamming distance =0.72662
Iteration4: hamming distance =0.67481
Iteration5: hamming distance =0.62174
Iteration6: hamming distance =0.56662
Iteration7: hamming distance =0.51074
Iteration8: hamming distance =0.4557
Iteration9: hamming distance =0.4029
Iteration10: hamming distance =0.35335
Iteration11: hamming distance =0.3077
Iteration12: hamming distance =0.2663
Iteration13: hamming distance =0.22921
Iteration14: hamming distance =0.19634
Iteration15: hamming distance =0.16748
Iteration16: hamming distance =0.14232
Iteration17: hamming distance =0.12054
Iteration18: hamming distance =0.10178
Iteration19: hamming distance =0.08571
Iteration20: hamming distance =0.072
Iteration21: hamming distance =0.06035
Iteration22: hamming distance =0.05048
Iteration23: hamming distance =0.04215
Iteration24: hamming distance =0.03514
Iteration25: hamming distance =0.02924
Iteration26: hamming distance =0.02431
Iteration27: hamming distance =0.02018
Iteration28: hamming distance =0.01673
Iteration29: hamming distance =0.01385
Iteration30: hamming distance =0.01146
Iteration31: hamming distance =0.00947
Iteration32: hamming distance =0.00782
Iteration33: hamming distance =0.00646
Iteration34: hamming distance =0.00532
Iteration35: hamming distance =0.00439
Iteration36: hamming distance =0.00361
Iteration37: hamming distance =0.00298
Iteration38: hamming distance =0.00245
Iteration39: hamming distance =0.00201
Iteration40: hamming distance =0.00165
Iteration41: hamming distance =0.00136
Iteration42: hamming distance =0.00112
Iteration43: hamming distance =0.00092
Successfully ran PANDA on 22932 Genes and 712 TFs.
Time elapsed:3258.54seconds.
Warning message:
In cor(t(expr), method = cor.method, use = "pairwise.complete.obs") :
  the standard deviation is zero
