Loading required package: igraph

Attaching package: ‘igraph’

The following objects are masked from ‘package:stats’:

    decompose, spectrum

The following object is masked from ‘package:base’:

    union

Loading required package: reticulate
Loading required package: pandaR
Loading required package: Biobase
Loading required package: BiocGenerics

Attaching package: ‘BiocGenerics’

The following objects are masked from ‘package:igraph’:

    normalize, path, union

The following objects are masked from ‘package:stats’:

    IQR, mad, sd, var, xtabs

The following objects are masked from ‘package:base’:

    anyDuplicated, aperm, append, as.data.frame, basename, cbind,
    colnames, dirname, do.call, duplicated, eval, evalq, Filter, Find,
    get, grep, grepl, intersect, is.unsorted, lapply, Map, mapply,
    match, mget, order, paste, pmax, pmax.int, pmin, pmin.int,
    Position, rank, rbind, Reduce, rownames, sapply, setdiff, sort,
    table, tapply, union, unique, unsplit, which.max, which.min

Welcome to Bioconductor

    Vignettes contain introductory material; view with
    'browseVignettes()'. To cite Bioconductor, see
    'citation("Biobase")', and for packages 'citation("pkgname")'.

Loading required package: yarn
Setting options('download.file.method.GEOquery'='auto')
Setting options('GEOquery.inmemory.gpl'=FALSE)
Loading required package: matrixcalc

Attaching package: ‘matrixcalc’

The following object is masked from ‘package:igraph’:

    %s%



Warning message:
replacing previous import ‘utils::findMatches’ by ‘S4Vectors::findMatches’ when loading ‘AnnotationForge’ 
Loading required package: ExperimentHub
Loading required package: AnnotationHub
Loading required package: BiocFileCache
Loading required package: dbplyr

Attaching package: ‘AnnotationHub’

The following object is masked from ‘package:Biobase’:

    cache

'select()' returned 1:many mapping between keys and columns
Joining with `by = join_by(h_sapiens_ensembl_id)`
Joining with `by = join_by(h_sapiens_ensembl_id)`
Iteration0: hamming distance =3.29779
Iteration1: hamming distance =0.67973
Iteration2: hamming distance =0.58218
Iteration3: hamming distance =0.53791
Iteration4: hamming distance =0.49988
Iteration5: hamming distance =0.46102
Iteration6: hamming distance =0.42066
Iteration7: hamming distance =0.37967
Iteration8: hamming distance =0.3392
Iteration9: hamming distance =0.30026
Iteration10: hamming distance =0.26363
Iteration11: hamming distance =0.22981
Iteration12: hamming distance =0.19907
Iteration13: hamming distance =0.17148
Iteration14: hamming distance =0.147
Iteration15: hamming distance =0.12547
Iteration16: hamming distance =0.10668
Iteration17: hamming distance =0.0904
Iteration18: hamming distance =0.07636
Iteration19: hamming distance =0.06433
Iteration20: hamming distance =0.05406
Iteration21: hamming distance =0.04533
Iteration22: hamming distance =0.03793
Iteration23: hamming distance =0.03168
Iteration24: hamming distance =0.02641
Iteration25: hamming distance =0.02199
Iteration26: hamming distance =0.01828
Iteration27: hamming distance =0.01518
Iteration28: hamming distance =0.01258
Iteration29: hamming distance =0.01042
Iteration30: hamming distance =0.00863
Iteration31: hamming distance =0.00713
Iteration32: hamming distance =0.00589
Iteration33: hamming distance =0.00486
Iteration34: hamming distance =0.00401
Iteration35: hamming distance =0.0033
Iteration36: hamming distance =0.00272
Iteration37: hamming distance =0.00224
Iteration38: hamming distance =0.00184
Iteration39: hamming distance =0.00152
Iteration40: hamming distance =0.00125
Iteration41: hamming distance =0.00102
Iteration42: hamming distance =0.00084
Successfully ran PANDA on 22932 Genes and 712 TFs.
Time elapsed:3457.64seconds.
Warning message:
In cor(t(expr), method = cor.method, use = "pairwise.complete.obs") :
  the standard deviation is zero
