Loading required package: igraph

Attaching package: ‘igraph’

The following objects are masked from ‘package:stats’:

    decompose, spectrum

The following object is masked from ‘package:base’:

    union

Loading required package: reticulate
Loading required package: pandaR
Loading required package: Biobase
Loading required package: BiocGenerics

Attaching package: ‘BiocGenerics’

The following objects are masked from ‘package:igraph’:

    normalize, path, union

The following objects are masked from ‘package:stats’:

    IQR, mad, sd, var, xtabs

The following objects are masked from ‘package:base’:

    anyDuplicated, aperm, append, as.data.frame, basename, cbind,
    colnames, dirname, do.call, duplicated, eval, evalq, Filter, Find,
    get, grep, grepl, intersect, is.unsorted, lapply, Map, mapply,
    match, mget, order, paste, pmax, pmax.int, pmin, pmin.int,
    Position, rank, rbind, Reduce, rownames, sapply, setdiff, sort,
    table, tapply, union, unique, unsplit, which.max, which.min

Welcome to Bioconductor

    Vignettes contain introductory material; view with
    'browseVignettes()'. To cite Bioconductor, see
    'citation("Biobase")', and for packages 'citation("pkgname")'.

Loading required package: yarn
Setting options('download.file.method.GEOquery'='auto')
Setting options('GEOquery.inmemory.gpl'=FALSE)
Loading required package: matrixcalc

Attaching package: ‘matrixcalc’

The following object is masked from ‘package:igraph’:

    %s%



Warning message:
replacing previous import ‘utils::findMatches’ by ‘S4Vectors::findMatches’ when loading ‘AnnotationForge’ 
Loading required package: ExperimentHub
Loading required package: AnnotationHub
Loading required package: BiocFileCache
Loading required package: dbplyr

Attaching package: ‘AnnotationHub’

The following object is masked from ‘package:Biobase’:

    cache

'select()' returned 1:many mapping between keys and columns
Joining with `by = join_by(h_sapiens_ensembl_id)`
Joining with `by = join_by(h_sapiens_ensembl_id)`
Iteration0: hamming distance =4.20853
Iteration1: hamming distance =0.87234
Iteration2: hamming distance =0.71804
Iteration3: hamming distance =0.65306
Iteration4: hamming distance =0.60162
Iteration5: hamming distance =0.55167
Iteration6: hamming distance =0.50127
Iteration7: hamming distance =0.45096
Iteration8: hamming distance =0.40186
Iteration9: hamming distance =0.35499
Iteration10: hamming distance =0.31116
Iteration11: hamming distance =0.27086
Iteration12: hamming distance =0.23435
Iteration13: hamming distance =0.20167
Iteration14: hamming distance =0.17272
Iteration15: hamming distance =0.14731
Iteration16: hamming distance =0.12517
Iteration17: hamming distance =0.106
Iteration18: hamming distance =0.0895
Iteration19: hamming distance =0.07537
Iteration20: hamming distance =0.06331
Iteration21: hamming distance =0.05306
Iteration22: hamming distance =0.04439
Iteration23: hamming distance =0.03706
Iteration24: hamming distance =0.03089
Iteration25: hamming distance =0.02571
Iteration26: hamming distance =0.02137
Iteration27: hamming distance =0.01774
