Loading required package: igraph

Attaching package: ‘igraph’

The following objects are masked from ‘package:stats’:

    decompose, spectrum

The following object is masked from ‘package:base’:

    union

Loading required package: reticulate
Loading required package: pandaR
Loading required package: Biobase
Loading required package: BiocGenerics

Attaching package: ‘BiocGenerics’

The following objects are masked from ‘package:igraph’:

    normalize, path, union

The following objects are masked from ‘package:stats’:

    IQR, mad, sd, var, xtabs

The following objects are masked from ‘package:base’:

    anyDuplicated, aperm, append, as.data.frame, basename, cbind,
    colnames, dirname, do.call, duplicated, eval, evalq, Filter, Find,
    get, grep, grepl, intersect, is.unsorted, lapply, Map, mapply,
    match, mget, order, paste, pmax, pmax.int, pmin, pmin.int,
    Position, rank, rbind, Reduce, rownames, sapply, setdiff, sort,
    table, tapply, union, unique, unsplit, which.max, which.min

Welcome to Bioconductor

    Vignettes contain introductory material; view with
    'browseVignettes()'. To cite Bioconductor, see
    'citation("Biobase")', and for packages 'citation("pkgname")'.

Loading required package: yarn
Setting options('download.file.method.GEOquery'='auto')
Setting options('GEOquery.inmemory.gpl'=FALSE)
Loading required package: matrixcalc

Attaching package: ‘matrixcalc’

The following object is masked from ‘package:igraph’:

    %s%



Warning message:
replacing previous import ‘utils::findMatches’ by ‘S4Vectors::findMatches’ when loading ‘AnnotationForge’ 
Loading required package: ExperimentHub
Loading required package: AnnotationHub
Loading required package: BiocFileCache
Loading required package: dbplyr

Attaching package: ‘AnnotationHub’

The following object is masked from ‘package:Biobase’:

    cache

'select()' returned 1:many mapping between keys and columns
Joining with `by = join_by(h_sapiens_ensembl_id)`
Joining with `by = join_by(h_sapiens_ensembl_id)`
Iteration0: hamming distance =3.41856
Iteration1: hamming distance =0.80369
Iteration2: hamming distance =0.64743
Iteration3: hamming distance =0.58464
Iteration4: hamming distance =0.5374
Iteration5: hamming distance =0.49256
Iteration6: hamming distance =0.44766
Iteration7: hamming distance =0.40294
Iteration8: hamming distance =0.35927
Iteration9: hamming distance =0.31755
Iteration10: hamming distance =0.27848
Iteration11: hamming distance =0.24254
Iteration12: hamming distance =0.20994
Iteration13: hamming distance =0.18074
Iteration14: hamming distance =0.15486
Iteration15: hamming distance =0.13213
Iteration16: hamming distance =0.11231
Iteration17: hamming distance =0.09514
Iteration18: hamming distance =0.08036
Iteration19: hamming distance =0.06769
Iteration20: hamming distance =0.05687
Iteration21: hamming distance =0.04768
Iteration22: hamming distance =0.0399
Iteration23: hamming distance =0.03332
Iteration24: hamming distance =0.02778
Iteration25: hamming distance =0.02312
Iteration26: hamming distance =0.01922
Iteration27: hamming distance =0.01596
Iteration28: hamming distance =0.01323
Iteration29: hamming distance =0.01096
Iteration30: hamming distance =0.00907
Iteration31: hamming distance =0.0075
Iteration32: hamming distance =0.00619
Iteration33: hamming distance =0.00511
Iteration34: hamming distance =0.00422
Iteration35: hamming distance =0.00347
Iteration36: hamming distance =0.00286
Iteration37: hamming distance =0.00236
Iteration38: hamming distance =0.00194
Iteration39: hamming distance =0.00159
Iteration40: hamming distance =0.00131
Iteration41: hamming distance =0.00108
Iteration42: hamming distance =0.00088
Successfully ran PANDA on 22932 Genes and 712 TFs.
Time elapsed:3464.5seconds.
Warning message:
In cor(t(expr), method = cor.method, use = "pairwise.complete.obs") :
  the standard deviation is zero
