Loading required package: igraph

Attaching package: ‘igraph’

The following objects are masked from ‘package:stats’:

    decompose, spectrum

The following object is masked from ‘package:base’:

    union

Loading required package: reticulate
Loading required package: pandaR
Loading required package: Biobase
Loading required package: BiocGenerics

Attaching package: ‘BiocGenerics’

The following objects are masked from ‘package:igraph’:

    normalize, path, union

The following objects are masked from ‘package:stats’:

    IQR, mad, sd, var, xtabs

The following objects are masked from ‘package:base’:

    anyDuplicated, aperm, append, as.data.frame, basename, cbind,
    colnames, dirname, do.call, duplicated, eval, evalq, Filter, Find,
    get, grep, grepl, intersect, is.unsorted, lapply, Map, mapply,
    match, mget, order, paste, pmax, pmax.int, pmin, pmin.int,
    Position, rank, rbind, Reduce, rownames, sapply, setdiff, sort,
    table, tapply, union, unique, unsplit, which.max, which.min

Welcome to Bioconductor

    Vignettes contain introductory material; view with
    'browseVignettes()'. To cite Bioconductor, see
    'citation("Biobase")', and for packages 'citation("pkgname")'.

Loading required package: yarn
Setting options('download.file.method.GEOquery'='auto')
Setting options('GEOquery.inmemory.gpl'=FALSE)
Loading required package: matrixcalc

Attaching package: ‘matrixcalc’

The following object is masked from ‘package:igraph’:

    %s%



Warning message:
replacing previous import ‘utils::findMatches’ by ‘S4Vectors::findMatches’ when loading ‘AnnotationForge’ 
Loading required package: ExperimentHub
Loading required package: AnnotationHub
Loading required package: BiocFileCache
Loading required package: dbplyr

Attaching package: ‘AnnotationHub’

The following object is masked from ‘package:Biobase’:

    cache

'select()' returned 1:many mapping between keys and columns
Joining with `by = join_by(h_sapiens_ensembl_id)`
Joining with `by = join_by(h_sapiens_ensembl_id)`
Iteration0: hamming distance =4.00721
Iteration1: hamming distance =0.81145
Iteration2: hamming distance =0.69746
Iteration3: hamming distance =0.64532
Iteration4: hamming distance =0.59989
Iteration5: hamming distance =0.55311
Iteration6: hamming distance =0.50439
Iteration7: hamming distance =0.45489
Iteration8: hamming distance =0.40606
Iteration9: hamming distance =0.35915
Iteration10: hamming distance =0.31509
Iteration11: hamming distance =0.27447
Iteration12: hamming distance =0.2376
Iteration13: hamming distance =0.20455
Iteration14: hamming distance =0.17526
Iteration15: hamming distance =0.14952
Iteration16: hamming distance =0.12708
Iteration17: hamming distance =0.10764
Iteration18: hamming distance =0.0909
Iteration19: hamming distance =0.07656
Iteration20: hamming distance =0.06432
Iteration21: hamming distance =0.05392
Iteration22: hamming distance =0.04511
Iteration23: hamming distance =0.03767
Iteration24: hamming distance =0.0314
Iteration25: hamming distance =0.02614
Iteration26: hamming distance =0.02172
Iteration27: hamming distance =0.01803
Iteration28: hamming distance =0.01495
Iteration29: hamming distance =0.01238
Iteration30: hamming distance =0.01025
Iteration31: hamming distance =0.00847
Iteration32: hamming distance =0.00699
Iteration33: hamming distance =0.00577
Iteration34: hamming distance =0.00476
Iteration35: hamming distance =0.00392
Iteration36: hamming distance =0.00323
Iteration37: hamming distance =0.00266
Iteration38: hamming distance =0.00219
Iteration39: hamming distance =0.0018
Iteration40: hamming distance =0.00148
Iteration41: hamming distance =0.00122
Iteration42: hamming distance =0.001
Successfully ran PANDA on 22932 Genes and 712 TFs.
Time elapsed:3169.99seconds.
Warning message:
In cor(t(expr), method = cor.method, use = "pairwise.complete.obs") :
  the standard deviation is zero
