Loading required package: igraph

Attaching package: ‘igraph’

The following objects are masked from ‘package:stats’:

    decompose, spectrum

The following object is masked from ‘package:base’:

    union

Loading required package: reticulate
Loading required package: pandaR
Loading required package: Biobase
Loading required package: BiocGenerics

Attaching package: ‘BiocGenerics’

The following objects are masked from ‘package:igraph’:

    normalize, path, union

The following objects are masked from ‘package:stats’:

    IQR, mad, sd, var, xtabs

The following objects are masked from ‘package:base’:

    anyDuplicated, aperm, append, as.data.frame, basename, cbind,
    colnames, dirname, do.call, duplicated, eval, evalq, Filter, Find,
    get, grep, grepl, intersect, is.unsorted, lapply, Map, mapply,
    match, mget, order, paste, pmax, pmax.int, pmin, pmin.int,
    Position, rank, rbind, Reduce, rownames, sapply, setdiff, sort,
    table, tapply, union, unique, unsplit, which.max, which.min

Welcome to Bioconductor

    Vignettes contain introductory material; view with
    'browseVignettes()'. To cite Bioconductor, see
    'citation("Biobase")', and for packages 'citation("pkgname")'.

Loading required package: yarn
Setting options('download.file.method.GEOquery'='auto')
Setting options('GEOquery.inmemory.gpl'=FALSE)
Loading required package: matrixcalc

Attaching package: ‘matrixcalc’

The following object is masked from ‘package:igraph’:

    %s%



Warning message:
replacing previous import ‘utils::findMatches’ by ‘S4Vectors::findMatches’ when loading ‘AnnotationForge’ 
Loading required package: ExperimentHub
Loading required package: AnnotationHub
Loading required package: BiocFileCache
Loading required package: dbplyr

Attaching package: ‘AnnotationHub’

The following object is masked from ‘package:Biobase’:

    cache

'select()' returned 1:many mapping between keys and columns
Joining with `by = join_by(h_sapiens_ensembl_id)`
Joining with `by = join_by(h_sapiens_ensembl_id)`
Iteration0: hamming distance =2.93424
Iteration1: hamming distance =0.62871
Iteration2: hamming distance =0.53302
Iteration3: hamming distance =0.49013
Iteration4: hamming distance =0.45424
Iteration5: hamming distance =0.41824
Iteration6: hamming distance =0.38123
Iteration7: hamming distance =0.34387
Iteration8: hamming distance =0.3071
Iteration9: hamming distance =0.2718
Iteration10: hamming distance =0.23862
Iteration11: hamming distance =0.208
Iteration12: hamming distance =0.18018
Iteration13: hamming distance =0.15522
Iteration14: hamming distance =0.13306
Iteration15: hamming distance =0.11358
Iteration16: hamming distance =0.09658
Iteration17: hamming distance =0.08184
Iteration18: hamming distance =0.06914
Iteration19: hamming distance =0.05825
Iteration20: hamming distance =0.04895
Iteration21: hamming distance =0.04105
Iteration22: hamming distance =0.03435
Iteration23: hamming distance =0.02869
Iteration24: hamming distance =0.02392
Iteration25: hamming distance =0.01991
Iteration26: hamming distance =0.01655
Iteration27: hamming distance =0.01374
Iteration28: hamming distance =0.0114
Iteration29: hamming distance =0.00944
Iteration30: hamming distance =0.00781
Iteration31: hamming distance =0.00646
Iteration32: hamming distance =0.00533
Iteration33: hamming distance =0.0044
Iteration34: hamming distance =0.00363
Iteration35: hamming distance =0.00299
Iteration36: hamming distance =0.00246
Iteration37: hamming distance =0.00203
Iteration38: hamming distance =0.00167
Iteration39: hamming distance =0.00137
Iteration40: hamming distance =0.00113
Iteration41: hamming distance =0.00093
Successfully ran PANDA on 22932 Genes and 712 TFs.
Time elapsed:3599.16seconds.
Warning message:
In cor(t(expr), method = cor.method, use = "pairwise.complete.obs") :
  the standard deviation is zero
