Loading required package: igraph

Attaching package: ‘igraph’

The following objects are masked from ‘package:stats’:

    decompose, spectrum

The following object is masked from ‘package:base’:

    union

Loading required package: reticulate
Loading required package: pandaR
Loading required package: Biobase
Loading required package: BiocGenerics

Attaching package: ‘BiocGenerics’

The following objects are masked from ‘package:igraph’:

    normalize, path, union

The following objects are masked from ‘package:stats’:

    IQR, mad, sd, var, xtabs

The following objects are masked from ‘package:base’:

    anyDuplicated, aperm, append, as.data.frame, basename, cbind,
    colnames, dirname, do.call, duplicated, eval, evalq, Filter, Find,
    get, grep, grepl, intersect, is.unsorted, lapply, Map, mapply,
    match, mget, order, paste, pmax, pmax.int, pmin, pmin.int,
    Position, rank, rbind, Reduce, rownames, sapply, setdiff, sort,
    table, tapply, union, unique, unsplit, which.max, which.min

Welcome to Bioconductor

    Vignettes contain introductory material; view with
    'browseVignettes()'. To cite Bioconductor, see
    'citation("Biobase")', and for packages 'citation("pkgname")'.

Loading required package: yarn
Setting options('download.file.method.GEOquery'='auto')
Setting options('GEOquery.inmemory.gpl'=FALSE)
Loading required package: matrixcalc

Attaching package: ‘matrixcalc’

The following object is masked from ‘package:igraph’:

    %s%



Warning message:
replacing previous import ‘utils::findMatches’ by ‘S4Vectors::findMatches’ when loading ‘AnnotationForge’ 
Loading required package: ExperimentHub
Loading required package: AnnotationHub
Loading required package: BiocFileCache
Loading required package: dbplyr

Attaching package: ‘AnnotationHub’

The following object is masked from ‘package:Biobase’:

    cache

'select()' returned 1:many mapping between keys and columns
Joining with `by = join_by(h_sapiens_ensembl_id)`
Joining with `by = join_by(h_sapiens_ensembl_id)`
Iteration0: hamming distance =6.37916
Iteration1: hamming distance =1.16148
Iteration2: hamming distance =1.04357
Iteration3: hamming distance =0.97986
Iteration4: hamming distance =0.91632
Iteration5: hamming distance =0.84693
Iteration6: hamming distance =0.77297
Iteration7: hamming distance =0.69716
Iteration8: hamming distance =0.62215
Iteration9: hamming distance =0.55004
Iteration10: hamming distance =0.48234
Iteration11: hamming distance =0.41995
Iteration12: hamming distance =0.36336
Iteration13: hamming distance =0.31268
Iteration14: hamming distance =0.26777
Iteration15: hamming distance =0.22834
Iteration16: hamming distance =0.19398
Iteration17: hamming distance =0.16424
Iteration18: hamming distance =0.13863
Iteration19: hamming distance =0.11671
Iteration20: hamming distance =0.09801
Iteration21: hamming distance =0.08212
Iteration22: hamming distance =0.06867
Iteration23: hamming distance =0.05732
Iteration24: hamming distance =0.04777
Iteration25: hamming distance =0.03975
Iteration26: hamming distance =0.03302
Iteration27: hamming distance =0.0274
Iteration28: hamming distance =0.02271
Iteration29: hamming distance =0.01881
Iteration30: hamming distance =0.01556
Iteration31: hamming distance =0.01286
Iteration32: hamming distance =0.01062
Iteration33: hamming distance =0.00876
