Loading required package: igraph

Attaching package: ‘igraph’

The following objects are masked from ‘package:stats’:

    decompose, spectrum

The following object is masked from ‘package:base’:

    union

Loading required package: reticulate
Loading required package: pandaR
Loading required package: Biobase
Loading required package: BiocGenerics

Attaching package: ‘BiocGenerics’

The following objects are masked from ‘package:igraph’:

    normalize, path, union

The following objects are masked from ‘package:stats’:

    IQR, mad, sd, var, xtabs

The following objects are masked from ‘package:base’:

    anyDuplicated, aperm, append, as.data.frame, basename, cbind,
    colnames, dirname, do.call, duplicated, eval, evalq, Filter, Find,
    get, grep, grepl, intersect, is.unsorted, lapply, Map, mapply,
    match, mget, order, paste, pmax, pmax.int, pmin, pmin.int,
    Position, rank, rbind, Reduce, rownames, sapply, setdiff, sort,
    table, tapply, union, unique, unsplit, which.max, which.min

Welcome to Bioconductor

    Vignettes contain introductory material; view with
    'browseVignettes()'. To cite Bioconductor, see
    'citation("Biobase")', and for packages 'citation("pkgname")'.

Loading required package: yarn
Setting options('download.file.method.GEOquery'='auto')
Setting options('GEOquery.inmemory.gpl'=FALSE)
Loading required package: matrixcalc

Attaching package: ‘matrixcalc’

The following object is masked from ‘package:igraph’:

    %s%



Warning message:
replacing previous import ‘utils::findMatches’ by ‘S4Vectors::findMatches’ when loading ‘AnnotationForge’ 
Loading required package: ExperimentHub
Loading required package: AnnotationHub
Loading required package: BiocFileCache
Loading required package: dbplyr

Attaching package: ‘AnnotationHub’

The following object is masked from ‘package:Biobase’:

    cache

'select()' returned 1:many mapping between keys and columns
Joining with `by = join_by(h_sapiens_ensembl_id)`
Joining with `by = join_by(h_sapiens_ensembl_id)`
Iteration0: hamming distance =2.52849
Iteration1: hamming distance =0.59344
Iteration2: hamming distance =0.49411
Iteration3: hamming distance =0.45154
Iteration4: hamming distance =0.41768
Iteration5: hamming distance =0.38447
Iteration6: hamming distance =0.35059
Iteration7: hamming distance =0.31643
Iteration8: hamming distance =0.2828
Iteration9: hamming distance =0.25047
Iteration10: hamming distance =0.22004
Iteration11: hamming distance =0.19193
Iteration12: hamming distance =0.16635
Iteration13: hamming distance =0.14337
Iteration14: hamming distance =0.12297
Iteration15: hamming distance =0.105
Iteration16: hamming distance =0.08931
Iteration17: hamming distance =0.07571
Iteration18: hamming distance =0.06398
Iteration19: hamming distance =0.05391
Iteration20: hamming distance =0.04532
Iteration21: hamming distance =0.03801
Iteration22: hamming distance =0.03181
Iteration23: hamming distance =0.02657
Iteration24: hamming distance =0.02216
Iteration25: hamming distance =0.01845
Iteration26: hamming distance =0.01534
Iteration27: hamming distance =0.01274
Iteration28: hamming distance =0.01056
Iteration29: hamming distance =0.00875
Iteration30: hamming distance =0.00724
Iteration31: hamming distance =0.00599
Iteration32: hamming distance =0.00495
Iteration33: hamming distance =0.00408
Iteration34: hamming distance =0.00337
Iteration35: hamming distance =0.00278
Iteration36: hamming distance =0.00229
Iteration37: hamming distance =0.00188
Iteration38: hamming distance =0.00155
Iteration39: hamming distance =0.00127
Iteration40: hamming distance =0.00105
Iteration41: hamming distance =0.00086
Successfully ran PANDA on 22932 Genes and 712 TFs.
Time elapsed:3069.06seconds.
Warning message:
In cor(t(expr), method = cor.method, use = "pairwise.complete.obs") :
  the standard deviation is zero
