Loading required package: igraph

Attaching package: ‘igraph’

The following objects are masked from ‘package:stats’:

    decompose, spectrum

The following object is masked from ‘package:base’:

    union

Loading required package: reticulate
Loading required package: pandaR
Loading required package: Biobase
Loading required package: BiocGenerics

Attaching package: ‘BiocGenerics’

The following objects are masked from ‘package:igraph’:

    normalize, path, union

The following objects are masked from ‘package:stats’:

    IQR, mad, sd, var, xtabs

The following objects are masked from ‘package:base’:

    anyDuplicated, aperm, append, as.data.frame, basename, cbind,
    colnames, dirname, do.call, duplicated, eval, evalq, Filter, Find,
    get, grep, grepl, intersect, is.unsorted, lapply, Map, mapply,
    match, mget, order, paste, pmax, pmax.int, pmin, pmin.int,
    Position, rank, rbind, Reduce, rownames, sapply, setdiff, sort,
    table, tapply, union, unique, unsplit, which.max, which.min

Welcome to Bioconductor

    Vignettes contain introductory material; view with
    'browseVignettes()'. To cite Bioconductor, see
    'citation("Biobase")', and for packages 'citation("pkgname")'.

Loading required package: yarn
Setting options('download.file.method.GEOquery'='auto')
Setting options('GEOquery.inmemory.gpl'=FALSE)
Loading required package: matrixcalc

Attaching package: ‘matrixcalc’

The following object is masked from ‘package:igraph’:

    %s%



Warning message:
replacing previous import ‘utils::findMatches’ by ‘S4Vectors::findMatches’ when loading ‘AnnotationForge’ 
Loading required package: ExperimentHub
Loading required package: AnnotationHub
Loading required package: BiocFileCache
Loading required package: dbplyr

Attaching package: ‘AnnotationHub’

The following object is masked from ‘package:Biobase’:

    cache

'select()' returned 1:many mapping between keys and columns
Joining with `by = join_by(h_sapiens_ensembl_id)`
Joining with `by = join_by(h_sapiens_ensembl_id)`
Iteration0: hamming distance =2.36372
Iteration1: hamming distance =0.55077
Iteration2: hamming distance =0.44568
Iteration3: hamming distance =0.40201
Iteration4: hamming distance =0.36902
Iteration5: hamming distance =0.33796
Iteration6: hamming distance =0.30711
Iteration7: hamming distance =0.27651
Iteration8: hamming distance =0.2467
Iteration9: hamming distance =0.21822
Iteration10: hamming distance =0.19154
Iteration11: hamming distance =0.16696
Iteration12: hamming distance =0.14463
Iteration13: hamming distance =0.12461
Iteration14: hamming distance =0.10685
Iteration15: hamming distance =0.09122
Iteration16: hamming distance =0.07758
Iteration17: hamming distance =0.06575
Iteration18: hamming distance =0.05555
Iteration19: hamming distance =0.04681
Iteration20: hamming distance =0.03934
Iteration21: hamming distance =0.03299
Iteration22: hamming distance =0.02761
Iteration23: hamming distance =0.02306
Iteration24: hamming distance =0.01923
Iteration25: hamming distance =0.01601
Iteration26: hamming distance =0.01331
Iteration27: hamming distance =0.01105
Iteration28: hamming distance =0.00916
Iteration29: hamming distance =0.00759
Iteration30: hamming distance =0.00628
Iteration31: hamming distance =0.00519
Iteration32: hamming distance =0.00429
Iteration33: hamming distance =0.00354
Iteration34: hamming distance =0.00292
Iteration35: hamming distance =0.00241
Iteration36: hamming distance =0.00198
Iteration37: hamming distance =0.00163
Iteration38: hamming distance =0.00134
Iteration39: hamming distance =0.0011
Iteration40: hamming distance =0.00091
Successfully ran PANDA on 22932 Genes and 712 TFs.
Time elapsed:3509.45seconds.
Warning message:
In cor(t(expr), method = cor.method, use = "pairwise.complete.obs") :
  the standard deviation is zero
