Loading required package: igraph

Attaching package: ‘igraph’

The following objects are masked from ‘package:stats’:

    decompose, spectrum

The following object is masked from ‘package:base’:

    union

Loading required package: reticulate
Loading required package: pandaR
Loading required package: Biobase
Loading required package: BiocGenerics

Attaching package: ‘BiocGenerics’

The following objects are masked from ‘package:igraph’:

    normalize, path, union

The following objects are masked from ‘package:stats’:

    IQR, mad, sd, var, xtabs

The following objects are masked from ‘package:base’:

    anyDuplicated, aperm, append, as.data.frame, basename, cbind,
    colnames, dirname, do.call, duplicated, eval, evalq, Filter, Find,
    get, grep, grepl, intersect, is.unsorted, lapply, Map, mapply,
    match, mget, order, paste, pmax, pmax.int, pmin, pmin.int,
    Position, rank, rbind, Reduce, rownames, sapply, setdiff, sort,
    table, tapply, union, unique, unsplit, which.max, which.min

Welcome to Bioconductor

    Vignettes contain introductory material; view with
    'browseVignettes()'. To cite Bioconductor, see
    'citation("Biobase")', and for packages 'citation("pkgname")'.

Loading required package: yarn
Setting options('download.file.method.GEOquery'='auto')
Setting options('GEOquery.inmemory.gpl'=FALSE)
Loading required package: matrixcalc

Attaching package: ‘matrixcalc’

The following object is masked from ‘package:igraph’:

    %s%



Warning message:
replacing previous import ‘utils::findMatches’ by ‘S4Vectors::findMatches’ when loading ‘AnnotationForge’ 
Loading required package: ExperimentHub
Loading required package: AnnotationHub
Loading required package: BiocFileCache
Loading required package: dbplyr

Attaching package: ‘AnnotationHub’

The following object is masked from ‘package:Biobase’:

    cache

'select()' returned 1:many mapping between keys and columns
Joining with `by = join_by(h_sapiens_ensembl_id)`
Joining with `by = join_by(h_sapiens_ensembl_id)`
Iteration0: hamming distance =2.57967
Iteration1: hamming distance =0.57507
Iteration2: hamming distance =0.47849
Iteration3: hamming distance =0.43692
Iteration4: hamming distance =0.40351
Iteration5: hamming distance =0.37077
Iteration6: hamming distance =0.33755
Iteration7: hamming distance =0.30422
Iteration8: hamming distance =0.27156
Iteration9: hamming distance =0.24026
Iteration10: hamming distance =0.21089
Iteration11: hamming distance =0.18381
Iteration12: hamming distance =0.15921
Iteration13: hamming distance =0.13715
Iteration14: hamming distance =0.11757
Iteration15: hamming distance =0.10035
Iteration16: hamming distance =0.08533
Iteration17: hamming distance =0.07231
Iteration18: hamming distance =0.06109
Iteration19: hamming distance =0.05147
Iteration20: hamming distance =0.04325
Iteration21: hamming distance =0.03627
Iteration22: hamming distance =0.03035
Iteration23: hamming distance =0.02535
Iteration24: hamming distance =0.02113
Iteration25: hamming distance =0.01759
Iteration26: hamming distance =0.01463
Iteration27: hamming distance =0.01214
Iteration28: hamming distance =0.01007
Iteration29: hamming distance =0.00834
Iteration30: hamming distance =0.0069
Iteration31: hamming distance =0.00571
Iteration32: hamming distance =0.00471
Iteration33: hamming distance =0.00389
Iteration34: hamming distance =0.00321
Iteration35: hamming distance =0.00264
Iteration36: hamming distance =0.00218
Iteration37: hamming distance =0.00179
Iteration38: hamming distance =0.00148
Iteration39: hamming distance =0.00121
Iteration40: hamming distance =0.001
Successfully ran PANDA on 22932 Genes and 712 TFs.
Time elapsed:3303.83seconds.
Warning message:
In cor(t(expr), method = cor.method, use = "pairwise.complete.obs") :
  the standard deviation is zero
