
The following have been reloaded with a version change:
  1) GCC/10.3.0 => GCC/5.4.0-2.26
  2) GCCcore/10.3.0 => GCCcore/5.4.0
  3) binutils/2.36.1-GCCcore-10.3.0 => binutils/2.26-GCCcore-5.4.0


Attaching package: ‘dplyr’

The following objects are masked from ‘package:stats’:

    filter, lag

The following objects are masked from ‘package:base’:

    intersect, setdiff, setequal, union

Loading required package: ExperimentHub
Loading required package: BiocGenerics

Attaching package: ‘BiocGenerics’

The following objects are masked from ‘package:dplyr’:

    combine, intersect, setdiff, union

The following objects are masked from ‘package:stats’:

    IQR, mad, sd, var, xtabs

The following objects are masked from ‘package:base’:

    anyDuplicated, aperm, append, as.data.frame, basename, cbind,
    colnames, dirname, do.call, duplicated, eval, evalq, Filter, Find,
    get, grep, grepl, intersect, is.unsorted, lapply, Map, mapply,
    match, mget, order, paste, pmax, pmax.int, pmin, pmin.int,
    Position, rank, rbind, Reduce, rownames, sapply, setdiff, sort,
    table, tapply, union, unique, unsplit, which.max, which.min

Loading required package: AnnotationHub
Loading required package: BiocFileCache
Loading required package: dbplyr

Attaching package: ‘dbplyr’

The following objects are masked from ‘package:dplyr’:

    ident, sql

Warning messages:
1: In normalizePath("~") :
  path[1]="/home/jbarham3": No such file or directory
2: In normalizePath("~") :
  path[1]="/home/jbarham3": No such file or directory
3: In normalizePath("~") :
  path[1]="/home/jbarham3": No such file or directory

'select()' returned 1:many mapping between keys and columns
Joining with `by = join_by(h_sapiens_ensembl_id)`
Joining with `by = join_by(h_sapiens_ensembl_id)`
