[1] "/data/user/jbarham3/230323_JW_DiseaseNetworks/results/PANDA/gtex_ADIPOSE_TISSUE_PANDA.Rdatamelted and edges created"
[1] "/data/user/jbarham3/230323_JW_DiseaseNetworks/results/PANDA/gtex_ADRENAL_GLAND_PANDA.Rdatamelted and edges created"
[1] "/data/user/jbarham3/230323_JW_DiseaseNetworks/results/PANDA/gtex_BLADDER_PANDA.Rdatamelted and edges created"
[1] "/data/user/jbarham3/230323_JW_DiseaseNetworks/results/PANDA/gtex_BLOOD_PANDA.Rdatamelted and edges created"
[1] "/data/user/jbarham3/230323_JW_DiseaseNetworks/results/PANDA/gtex_BLOOD_VESSEL_PANDA.Rdatamelted and edges created"
[1] "/data/user/jbarham3/230323_JW_DiseaseNetworks/results/PANDA/gtex_BONE_MARROW_PANDA.Rdatamelted and edges created"
[1] "/data/user/jbarham3/230323_JW_DiseaseNetworks/results/PANDA/gtex_BRAIN_PANDA.Rdatamelted and edges created"
[1] "/data/user/jbarham3/230323_JW_DiseaseNetworks/results/PANDA/gtex_BREAST_PANDA.Rdatamelted and edges created"
[1] "/data/user/jbarham3/230323_JW_DiseaseNetworks/results/PANDA/gtex_CERVIX_UTERI_PANDA.Rdatamelted and edges created"
[1] "/data/user/jbarham3/230323_JW_DiseaseNetworks/results/PANDA/gtex_COLON_PANDA.Rdatamelted and edges created"
[1] "/data/user/jbarham3/230323_JW_DiseaseNetworks/results/PANDA/gtex_ESOPHAGUS_PANDA.Rdatamelted and edges created"
[1] "/data/user/jbarham3/230323_JW_DiseaseNetworks/results/PANDA/gtex_FALLOPIAN_TUBE_PANDA.Rdatamelted and edges created"
[1] "/data/user/jbarham3/230323_JW_DiseaseNetworks/results/PANDA/gtex_HEART_PANDA.Rdatamelted and edges created"
[1] "/data/user/jbarham3/230323_JW_DiseaseNetworks/results/PANDA/gtex_KIDNEY_PANDA.Rdatamelted and edges created"
[1] "/data/user/jbarham3/230323_JW_DiseaseNetworks/results/PANDA/gtex_LIVER_PANDA.Rdatamelted and edges created"
[1] "/data/user/jbarham3/230323_JW_DiseaseNetworks/results/PANDA/gtex_LUNG_PANDA.Rdatamelted and edges created"
[1] "/data/user/jbarham3/230323_JW_DiseaseNetworks/results/PANDA/gtex_MUSCLE_PANDA.Rdatamelted and edges created"
[1] "/data/user/jbarham3/230323_JW_DiseaseNetworks/results/PANDA/gtex_NERVE_PANDA.Rdatamelted and edges created"
[1] "/data/user/jbarham3/230323_JW_DiseaseNetworks/results/PANDA/gtex_OVARY_PANDA.Rdatamelted and edges created"
[1] "/data/user/jbarham3/230323_JW_DiseaseNetworks/results/PANDA/gtex_PANCREAS_PANDA.Rdatamelted and edges created"
[1] "/data/user/jbarham3/230323_JW_DiseaseNetworks/results/PANDA/gtex_PITUITARY_PANDA.Rdatamelted and edges created"
[1] "/data/user/jbarham3/230323_JW_DiseaseNetworks/results/PANDA/gtex_PROSTATE_PANDA.Rdatamelted and edges created"
[1] "/data/user/jbarham3/230323_JW_DiseaseNetworks/results/PANDA/gtex_SALIVARY_GLAND_PANDA.Rdatamelted and edges created"
[1] "/data/user/jbarham3/230323_JW_DiseaseNetworks/results/PANDA/gtex_SKIN_PANDA.Rdatamelted and edges created"
[1] "/data/user/jbarham3/230323_JW_DiseaseNetworks/results/PANDA/gtex_SMALL_INTESTINE_PANDA.Rdatamelted and edges created"
[1] "/data/user/jbarham3/230323_JW_DiseaseNetworks/results/PANDA/gtex_SPLEEN_PANDA.Rdatamelted and edges created"
[1] "/data/user/jbarham3/230323_JW_DiseaseNetworks/results/PANDA/gtex_STOMACH_PANDA.Rdatamelted and edges created"
[1] "/data/user/jbarham3/230323_JW_DiseaseNetworks/results/PANDA/gtex_TESTIS_PANDA.Rdatamelted and edges created"
[1] "/data/user/jbarham3/230323_JW_DiseaseNetworks/results/PANDA/gtex_THYROID_PANDA.Rdatamelted and edges created"
[1] "/data/user/jbarham3/230323_JW_DiseaseNetworks/results/PANDA/gtex_UTERUS_PANDA.Rdatamelted and edges created"
[1] "/data/user/jbarham3/230323_JW_DiseaseNetworks/results/PANDA/gtex_VAGINA_PANDA.Rdatamelted and edges created"
R version 4.1.3 (2022-03-10)
Platform: x86_64-pc-linux-gnu (64-bit)
Running under: Ubuntu 20.04.6 LTS

Matrix products: default
BLAS/LAPACK: /usr/lib/x86_64-linux-gnu/openblas-pthread/libopenblasp-r0.3.8.so

locale:
[1] C

attached base packages:
[1] stats     graphics  grDevices utils     datasets  methods   base     

other attached packages:
[1] dplyr_1.1.0 tidyr_1.3.0 here_1.0.1 

loaded via a namespace (and not attached):
 [1] Rcpp_1.0.10      fansi_1.0.4      withr_2.5.0      utf8_1.2.3      
 [5] rprojroot_2.0.3  plyr_1.8.8       R6_2.5.1         lifecycle_1.0.3 
 [9] magrittr_2.0.3   pillar_1.8.1     stringi_1.7.12   rlang_1.0.6     
[13] cli_3.6.0        reshape2_1.4.4   vctrs_0.5.2      generics_0.1.3  
[17] tools_4.1.3      stringr_1.5.0    glue_1.6.2       purrr_1.0.1     
[21] compiler_4.1.3   pkgconfig_2.0.3  tidyselect_1.2.0 tibble_3.1.8    
