Loading required package: igraph

Attaching package: ‘igraph’

The following objects are masked from ‘package:stats’:

    decompose, spectrum

The following object is masked from ‘package:base’:

    union

Loading required package: reticulate
Loading required package: pandaR
Loading required package: Biobase
Loading required package: BiocGenerics

Attaching package: ‘BiocGenerics’

The following objects are masked from ‘package:igraph’:

    normalize, path, union

The following objects are masked from ‘package:stats’:

    IQR, mad, sd, var, xtabs

The following objects are masked from ‘package:base’:

    anyDuplicated, aperm, append, as.data.frame, basename, cbind,
    colnames, dirname, do.call, duplicated, eval, evalq, Filter, Find,
    get, grep, grepl, intersect, is.unsorted, lapply, Map, mapply,
    match, mget, order, paste, pmax, pmax.int, pmin, pmin.int,
    Position, rank, rbind, Reduce, rownames, sapply, setdiff, sort,
    table, tapply, union, unique, unsplit, which.max, which.min

Welcome to Bioconductor

    Vignettes contain introductory material; view with
    'browseVignettes()'. To cite Bioconductor, see
    'citation("Biobase")', and for packages 'citation("pkgname")'.

Loading required package: yarn
Setting options('download.file.method.GEOquery'='auto')
Setting options('GEOquery.inmemory.gpl'=FALSE)
Loading required package: matrixcalc

Attaching package: ‘matrixcalc’

The following object is masked from ‘package:igraph’:

    %s%



Warning message:
replacing previous import ‘utils::findMatches’ by ‘S4Vectors::findMatches’ when loading ‘AnnotationForge’ 
Loading required package: ExperimentHub
Loading required package: AnnotationHub
Loading required package: BiocFileCache
Loading required package: dbplyr

Attaching package: ‘AnnotationHub’

The following object is masked from ‘package:Biobase’:

    cache

'select()' returned 1:many mapping between keys and columns
Joining with `by = join_by(h_sapiens_ensembl_id)`
Joining with `by = join_by(h_sapiens_ensembl_id)`
Iteration0: hamming distance =2.38299
Iteration1: hamming distance =0.6009
Iteration2: hamming distance =0.48048
Iteration3: hamming distance =0.43024
Iteration4: hamming distance =0.39325
Iteration5: hamming distance =0.35918
Iteration6: hamming distance =0.32577
Iteration7: hamming distance =0.29289
Iteration8: hamming distance =0.26101
Iteration9: hamming distance =0.23067
Iteration10: hamming distance =0.20231
Iteration11: hamming distance =0.17623
Iteration12: hamming distance =0.15259
Iteration13: hamming distance =0.13141
Iteration14: hamming distance =0.11263
Iteration15: hamming distance =0.09612
Iteration16: hamming distance =0.08173
Iteration17: hamming distance =0.06925
Iteration18: hamming distance =0.05851
Iteration19: hamming distance =0.04929
Iteration20: hamming distance =0.04142
Iteration21: hamming distance =0.03474
