Loading required package: igraph

Attaching package: ‘igraph’

The following objects are masked from ‘package:stats’:

    decompose, spectrum

The following object is masked from ‘package:base’:

    union

Loading required package: reticulate
Loading required package: pandaR
Loading required package: Biobase
Loading required package: BiocGenerics

Attaching package: ‘BiocGenerics’

The following objects are masked from ‘package:igraph’:

    normalize, path, union

The following objects are masked from ‘package:stats’:

    IQR, mad, sd, var, xtabs

The following objects are masked from ‘package:base’:

    anyDuplicated, aperm, append, as.data.frame, basename, cbind,
    colnames, dirname, do.call, duplicated, eval, evalq, Filter, Find,
    get, grep, grepl, intersect, is.unsorted, lapply, Map, mapply,
    match, mget, order, paste, pmax, pmax.int, pmin, pmin.int,
    Position, rank, rbind, Reduce, rownames, sapply, setdiff, sort,
    table, tapply, union, unique, unsplit, which.max, which.min

Welcome to Bioconductor

    Vignettes contain introductory material; view with
    'browseVignettes()'. To cite Bioconductor, see
    'citation("Biobase")', and for packages 'citation("pkgname")'.

Loading required package: yarn
Setting options('download.file.method.GEOquery'='auto')
Setting options('GEOquery.inmemory.gpl'=FALSE)
Loading required package: matrixcalc

Attaching package: ‘matrixcalc’

The following object is masked from ‘package:igraph’:

    %s%



Warning message:
replacing previous import ‘utils::findMatches’ by ‘S4Vectors::findMatches’ when loading ‘AnnotationForge’ 
Loading required package: ExperimentHub
Loading required package: AnnotationHub
Loading required package: BiocFileCache
Loading required package: dbplyr

Attaching package: ‘AnnotationHub’

The following object is masked from ‘package:Biobase’:

    cache

'select()' returned 1:many mapping between keys and columns
Joining with `by = join_by(h_sapiens_ensembl_id)`
Joining with `by = join_by(h_sapiens_ensembl_id)`
Iteration0: hamming distance =3.25488
Iteration1: hamming distance =0.77512
Iteration2: hamming distance =0.61653
Iteration3: hamming distance =0.55294
Iteration4: hamming distance =0.50622
Iteration5: hamming distance =0.46279
Iteration6: hamming distance =0.41987
Iteration7: hamming distance =0.37744
Iteration8: hamming distance =0.3362
Iteration9: hamming distance =0.29693
Iteration10: hamming distance =0.26025
Iteration11: hamming distance =0.22653
Iteration12: hamming distance =0.196
Iteration13: hamming distance =0.16868
Iteration14: hamming distance =0.14448
Iteration15: hamming distance =0.12323
Iteration16: hamming distance =0.10472
Iteration17: hamming distance =0.08869
Iteration18: hamming distance =0.07489
Iteration19: hamming distance =0.06307
Iteration20: hamming distance =0.05298
Iteration21: hamming distance =0.04441
Iteration22: hamming distance =0.03715
Iteration23: hamming distance =0.03102
Iteration24: hamming distance =0.02586
Iteration25: hamming distance =0.02152
Iteration26: hamming distance =0.01789
Iteration27: hamming distance =0.01485
Iteration28: hamming distance =0.01231
