Loading required package: igraph

Attaching package: ‘igraph’

The following objects are masked from ‘package:stats’:

    decompose, spectrum

The following object is masked from ‘package:base’:

    union

Loading required package: reticulate
Loading required package: pandaR
Loading required package: Biobase
Loading required package: BiocGenerics

Attaching package: ‘BiocGenerics’

The following objects are masked from ‘package:igraph’:

    normalize, path, union

The following objects are masked from ‘package:stats’:

    IQR, mad, sd, var, xtabs

The following objects are masked from ‘package:base’:

    anyDuplicated, aperm, append, as.data.frame, basename, cbind,
    colnames, dirname, do.call, duplicated, eval, evalq, Filter, Find,
    get, grep, grepl, intersect, is.unsorted, lapply, Map, mapply,
    match, mget, order, paste, pmax, pmax.int, pmin, pmin.int,
    Position, rank, rbind, Reduce, rownames, sapply, setdiff, sort,
    table, tapply, union, unique, unsplit, which.max, which.min

Welcome to Bioconductor

    Vignettes contain introductory material; view with
    'browseVignettes()'. To cite Bioconductor, see
    'citation("Biobase")', and for packages 'citation("pkgname")'.

Loading required package: yarn
Setting options('download.file.method.GEOquery'='auto')
Setting options('GEOquery.inmemory.gpl'=FALSE)
Loading required package: matrixcalc

Attaching package: ‘matrixcalc’

The following object is masked from ‘package:igraph’:

    %s%



Warning message:
replacing previous import ‘utils::findMatches’ by ‘S4Vectors::findMatches’ when loading ‘AnnotationForge’ 
Loading required package: ExperimentHub
Loading required package: AnnotationHub
Loading required package: BiocFileCache
Loading required package: dbplyr

Attaching package: ‘AnnotationHub’

The following object is masked from ‘package:Biobase’:

    cache

'select()' returned 1:many mapping between keys and columns
Joining with `by = join_by(h_sapiens_ensembl_id)`
Joining with `by = join_by(h_sapiens_ensembl_id)`
Iteration0: hamming distance =3.94809
Iteration1: hamming distance =0.83091
Iteration2: hamming distance =0.67862
Iteration3: hamming distance =0.61532
Iteration4: hamming distance =0.5661
Iteration5: hamming distance =0.51877
Iteration6: hamming distance =0.47123
Iteration7: hamming distance =0.42388
Iteration8: hamming distance =0.3777
Iteration9: hamming distance =0.33365
Iteration10: hamming distance =0.29245
Iteration11: hamming distance =0.25457
Iteration12: hamming distance =0.22026
Iteration13: hamming distance =0.18955
Iteration14: hamming distance =0.16235
Iteration15: hamming distance =0.13847
Iteration16: hamming distance =0.11766
Iteration17: hamming distance =0.09965
Iteration18: hamming distance =0.08414
Iteration19: hamming distance =0.07085
Iteration20: hamming distance =0.05952
Iteration21: hamming distance =0.04989
Iteration22: hamming distance =0.04173
Iteration23: hamming distance =0.03485
Iteration24: hamming distance =0.02905
Iteration25: hamming distance =0.02418
Iteration26: hamming distance =0.02009
Iteration27: hamming distance =0.01668
Iteration28: hamming distance =0.01383
Iteration29: hamming distance =0.01145
Iteration30: hamming distance =0.00947
Iteration31: hamming distance =0.00783
Iteration32: hamming distance =0.00647
Iteration33: hamming distance =0.00534
Iteration34: hamming distance =0.0044
Iteration35: hamming distance =0.00363
