Loading required package: igraph

Attaching package: ‘igraph’

The following objects are masked from ‘package:stats’:

    decompose, spectrum

The following object is masked from ‘package:base’:

    union

Loading required package: reticulate
Loading required package: pandaR
Loading required package: Biobase
Loading required package: BiocGenerics

Attaching package: ‘BiocGenerics’

The following objects are masked from ‘package:igraph’:

    normalize, path, union

The following objects are masked from ‘package:stats’:

    IQR, mad, sd, var, xtabs

The following objects are masked from ‘package:base’:

    anyDuplicated, aperm, append, as.data.frame, basename, cbind,
    colnames, dirname, do.call, duplicated, eval, evalq, Filter, Find,
    get, grep, grepl, intersect, is.unsorted, lapply, Map, mapply,
    match, mget, order, paste, pmax, pmax.int, pmin, pmin.int,
    Position, rank, rbind, Reduce, rownames, sapply, setdiff, sort,
    table, tapply, union, unique, unsplit, which.max, which.min

Welcome to Bioconductor

    Vignettes contain introductory material; view with
    'browseVignettes()'. To cite Bioconductor, see
    'citation("Biobase")', and for packages 'citation("pkgname")'.

Loading required package: yarn
Setting options('download.file.method.GEOquery'='auto')
Setting options('GEOquery.inmemory.gpl'=FALSE)
Loading required package: matrixcalc

Attaching package: ‘matrixcalc’

The following object is masked from ‘package:igraph’:

    %s%



Warning message:
replacing previous import ‘utils::findMatches’ by ‘S4Vectors::findMatches’ when loading ‘AnnotationForge’ 
Loading required package: ExperimentHub
Loading required package: AnnotationHub
Loading required package: BiocFileCache
Loading required package: dbplyr

Attaching package: ‘AnnotationHub’

The following object is masked from ‘package:Biobase’:

    cache

'select()' returned 1:many mapping between keys and columns
Joining with `by = join_by(h_sapiens_ensembl_id)`
Joining with `by = join_by(h_sapiens_ensembl_id)`
Iteration0: hamming distance =5.57695
Iteration1: hamming distance =1.01514
Iteration2: hamming distance =0.90269
Iteration3: hamming distance =0.84538
Iteration4: hamming distance =0.7901
Iteration5: hamming distance =0.73034
Iteration6: hamming distance =0.66679
Iteration7: hamming distance =0.60161
Iteration8: hamming distance =0.53705
Iteration9: hamming distance =0.47494
Iteration10: hamming distance =0.41656
Iteration11: hamming distance =0.36275
Iteration12: hamming distance =0.31391
Iteration13: hamming distance =0.27017
Iteration14: hamming distance =0.2314
Iteration15: hamming distance =0.19735
Iteration16: hamming distance =0.16768
Iteration17: hamming distance =0.14199
Iteration18: hamming distance =0.11988
Iteration19: hamming distance =0.10093
Iteration20: hamming distance =0.08478
Iteration21: hamming distance =0.07105
Iteration22: hamming distance =0.05942
Iteration23: hamming distance =0.04961
Iteration24: hamming distance =0.04135
Iteration25: hamming distance =0.03441
