Loading required package: igraph

Attaching package: ‘igraph’

The following objects are masked from ‘package:stats’:

    decompose, spectrum

The following object is masked from ‘package:base’:

    union

Loading required package: reticulate
Loading required package: pandaR
Loading required package: Biobase
Loading required package: BiocGenerics

Attaching package: ‘BiocGenerics’

The following objects are masked from ‘package:igraph’:

    normalize, path, union

The following objects are masked from ‘package:stats’:

    IQR, mad, sd, var, xtabs

The following objects are masked from ‘package:base’:

    anyDuplicated, aperm, append, as.data.frame, basename, cbind,
    colnames, dirname, do.call, duplicated, eval, evalq, Filter, Find,
    get, grep, grepl, intersect, is.unsorted, lapply, Map, mapply,
    match, mget, order, paste, pmax, pmax.int, pmin, pmin.int,
    Position, rank, rbind, Reduce, rownames, sapply, setdiff, sort,
    table, tapply, union, unique, unsplit, which.max, which.min

Welcome to Bioconductor

    Vignettes contain introductory material; view with
    'browseVignettes()'. To cite Bioconductor, see
    'citation("Biobase")', and for packages 'citation("pkgname")'.

Loading required package: yarn
Setting options('download.file.method.GEOquery'='auto')
Setting options('GEOquery.inmemory.gpl'=FALSE)
Loading required package: matrixcalc

Attaching package: ‘matrixcalc’

The following object is masked from ‘package:igraph’:

    %s%



Warning message:
replacing previous import ‘utils::findMatches’ by ‘S4Vectors::findMatches’ when loading ‘AnnotationForge’ 
Loading required package: ExperimentHub
Loading required package: AnnotationHub
Loading required package: BiocFileCache
Loading required package: dbplyr

Attaching package: ‘AnnotationHub’

The following object is masked from ‘package:Biobase’:

    cache

'select()' returned 1:many mapping between keys and columns
Joining with `by = join_by(h_sapiens_ensembl_id)`
Joining with `by = join_by(h_sapiens_ensembl_id)`
Iteration0: hamming distance =6.02521
Iteration1: hamming distance =1.08292
Iteration2: hamming distance =0.96966
Iteration3: hamming distance =0.90969
Iteration4: hamming distance =0.85047
Iteration5: hamming distance =0.78602
Iteration6: hamming distance =0.7174
Iteration7: hamming distance =0.64708
Iteration8: hamming distance =0.57749
Iteration9: hamming distance =0.51059
Iteration10: hamming distance =0.44776
Iteration11: hamming distance =0.38987
Iteration12: hamming distance =0.33735
Iteration13: hamming distance =0.29031
Iteration14: hamming distance =0.24863
Iteration15: hamming distance =0.21203
Iteration16: hamming distance =0.18014
Iteration17: hamming distance =0.15253
Iteration18: hamming distance =0.12876
Iteration19: hamming distance =0.10841
Iteration20: hamming distance =0.09105
Iteration21: hamming distance =0.0763
Iteration22: hamming distance =0.06381
Iteration23: hamming distance =0.05327
Iteration24: hamming distance =0.04439
Iteration25: hamming distance =0.03694
Iteration26: hamming distance =0.03069
Iteration27: hamming distance =0.02547
Iteration28: hamming distance =0.02111
Iteration29: hamming distance =0.01748
Iteration30: hamming distance =0.01446
Iteration31: hamming distance =0.01195
Iteration32: hamming distance =0.00987
Iteration33: hamming distance =0.00814
Iteration34: hamming distance =0.00672
Iteration35: hamming distance =0.00553
Iteration36: hamming distance =0.00456
Iteration37: hamming distance =0.00375
Iteration38: hamming distance =0.00309
Iteration39: hamming distance =0.00254
Iteration40: hamming distance =0.00209
Iteration41: hamming distance =0.00171
Iteration42: hamming distance =0.00141
Iteration43: hamming distance =0.00116
Iteration44: hamming distance =0.00095
Successfully ran PANDA on 22932 Genes and 712 TFs.
Time elapsed:3612.32seconds.
Warning message:
In cor(t(expr), method = cor.method, use = "pairwise.complete.obs") :
  the standard deviation is zero
