Loading required package: igraph

Attaching package: ‘igraph’

The following objects are masked from ‘package:stats’:

    decompose, spectrum

The following object is masked from ‘package:base’:

    union

Loading required package: reticulate
Loading required package: pandaR
Loading required package: Biobase
Loading required package: BiocGenerics

Attaching package: ‘BiocGenerics’

The following objects are masked from ‘package:igraph’:

    normalize, path, union

The following objects are masked from ‘package:stats’:

    IQR, mad, sd, var, xtabs

The following objects are masked from ‘package:base’:

    anyDuplicated, aperm, append, as.data.frame, basename, cbind,
    colnames, dirname, do.call, duplicated, eval, evalq, Filter, Find,
    get, grep, grepl, intersect, is.unsorted, lapply, Map, mapply,
    match, mget, order, paste, pmax, pmax.int, pmin, pmin.int,
    Position, rank, rbind, Reduce, rownames, sapply, setdiff, sort,
    table, tapply, union, unique, unsplit, which.max, which.min

Welcome to Bioconductor

    Vignettes contain introductory material; view with
    'browseVignettes()'. To cite Bioconductor, see
    'citation("Biobase")', and for packages 'citation("pkgname")'.

Loading required package: yarn
Setting options('download.file.method.GEOquery'='auto')
Setting options('GEOquery.inmemory.gpl'=FALSE)
Loading required package: matrixcalc

Attaching package: ‘matrixcalc’

The following object is masked from ‘package:igraph’:

    %s%



Warning message:
replacing previous import ‘utils::findMatches’ by ‘S4Vectors::findMatches’ when loading ‘AnnotationForge’ 
Loading required package: ExperimentHub
Loading required package: AnnotationHub
Loading required package: BiocFileCache
Loading required package: dbplyr

Attaching package: ‘AnnotationHub’

The following object is masked from ‘package:Biobase’:

    cache

'select()' returned 1:many mapping between keys and columns
Joining with `by = join_by(h_sapiens_ensembl_id)`
Joining with `by = join_by(h_sapiens_ensembl_id)`
Iteration0: hamming distance =5.21824
Iteration1: hamming distance =0.90519
Iteration2: hamming distance =0.80297
Iteration3: hamming distance =0.75161
Iteration4: hamming distance =0.70252
Iteration5: hamming distance =0.64966
Iteration6: hamming distance =0.59348
Iteration7: hamming distance =0.53584
Iteration8: hamming distance =0.47866
Iteration9: hamming distance =0.42357
Iteration10: hamming distance =0.37172
Iteration11: hamming distance =0.32386
Iteration12: hamming distance =0.28037
Iteration13: hamming distance =0.24138
Iteration14: hamming distance =0.2068
Iteration15: hamming distance =0.17641
Iteration16: hamming distance =0.14991
Iteration17: hamming distance =0.12696
Iteration18: hamming distance =0.1072
Iteration19: hamming distance =0.09026
Iteration20: hamming distance =0.07582
Iteration21: hamming distance =0.06354
Iteration22: hamming distance =0.05315
Iteration23: hamming distance =0.04437
Iteration24: hamming distance =0.03698
Iteration25: hamming distance =0.03077
Iteration26: hamming distance =0.02557
Iteration27: hamming distance =0.02122
Iteration28: hamming distance =0.01759
Iteration29: hamming distance =0.01457
Iteration30: hamming distance =0.01205
Iteration31: hamming distance =0.00996
Iteration32: hamming distance =0.00822
Iteration33: hamming distance =0.00679
Iteration34: hamming distance =0.0056
Iteration35: hamming distance =0.00461
Iteration36: hamming distance =0.0038
Iteration37: hamming distance =0.00313
Iteration38: hamming distance =0.00257
Iteration39: hamming distance =0.00211
Iteration40: hamming distance =0.00174
Iteration41: hamming distance =0.00143
Iteration42: hamming distance =0.00117
Iteration43: hamming distance =0.00096
Successfully ran PANDA on 22932 Genes and 1111 TFs.
Time elapsed:3885.26seconds.
Warning message:
In cor(t(expr), method = cor.method, use = "pairwise.complete.obs") :
  the standard deviation is zero
