Loading required package: igraph

Attaching package: ‘igraph’

The following objects are masked from ‘package:stats’:

    decompose, spectrum

The following object is masked from ‘package:base’:

    union

Loading required package: reticulate
Loading required package: pandaR
Loading required package: Biobase
Loading required package: BiocGenerics

Attaching package: ‘BiocGenerics’

The following objects are masked from ‘package:igraph’:

    normalize, path, union

The following objects are masked from ‘package:stats’:

    IQR, mad, sd, var, xtabs

The following objects are masked from ‘package:base’:

    anyDuplicated, aperm, append, as.data.frame, basename, cbind,
    colnames, dirname, do.call, duplicated, eval, evalq, Filter, Find,
    get, grep, grepl, intersect, is.unsorted, lapply, Map, mapply,
    match, mget, order, paste, pmax, pmax.int, pmin, pmin.int,
    Position, rank, rbind, Reduce, rownames, sapply, setdiff, sort,
    table, tapply, union, unique, unsplit, which.max, which.min

Welcome to Bioconductor

    Vignettes contain introductory material; view with
    'browseVignettes()'. To cite Bioconductor, see
    'citation("Biobase")', and for packages 'citation("pkgname")'.

Loading required package: yarn
Setting options('download.file.method.GEOquery'='auto')
Setting options('GEOquery.inmemory.gpl'=FALSE)
Loading required package: matrixcalc

Attaching package: ‘matrixcalc’

The following object is masked from ‘package:igraph’:

    %s%



Warning message:
replacing previous import ‘utils::findMatches’ by ‘S4Vectors::findMatches’ when loading ‘AnnotationForge’ 
Loading required package: ExperimentHub
Loading required package: AnnotationHub
Loading required package: BiocFileCache
Loading required package: dbplyr

Attaching package: ‘AnnotationHub’

The following object is masked from ‘package:Biobase’:

    cache

'select()' returned 1:many mapping between keys and columns
Joining with `by = join_by(h_sapiens_ensembl_id)`
Joining with `by = join_by(h_sapiens_ensembl_id)`
Iteration0: hamming distance =3.06119
Iteration1: hamming distance =0.69223
Iteration2: hamming distance =0.56978
Iteration3: hamming distance =0.51765
Iteration4: hamming distance =0.47671
Iteration5: hamming distance =0.43728
Iteration6: hamming distance =0.39765
Iteration7: hamming distance =0.35813
Iteration8: hamming distance =0.31953
Iteration9: hamming distance =0.28261
Iteration10: hamming distance =0.24802
Iteration11: hamming distance =0.21615
Iteration12: hamming distance =0.18721
Iteration13: hamming distance =0.16126
Iteration14: hamming distance =0.13824
Iteration15: hamming distance =0.11799
Iteration16: hamming distance =0.10033
Iteration17: hamming distance =0.08502
Iteration18: hamming distance =0.07182
Iteration19: hamming distance =0.06051
Iteration20: hamming distance =0.05085
Iteration21: hamming distance =0.04264
Iteration22: hamming distance =0.03568
Iteration23: hamming distance =0.0298
Iteration24: hamming distance =0.02484
Iteration25: hamming distance =0.02068
Iteration26: hamming distance =0.01719
Iteration27: hamming distance =0.01427
Iteration28: hamming distance =0.01183
Iteration29: hamming distance =0.0098
Iteration30: hamming distance =0.00811
Iteration31: hamming distance =0.0067
Iteration32: hamming distance =0.00554
Iteration33: hamming distance =0.00457
Iteration34: hamming distance =0.00377
Iteration35: hamming distance =0.00311
Iteration36: hamming distance =0.00256
Iteration37: hamming distance =0.00211
Iteration38: hamming distance =0.00173
Iteration39: hamming distance =0.00143
Iteration40: hamming distance =0.00117
Iteration41: hamming distance =0.00096
Successfully ran PANDA on 22932 Genes and 1111 TFs.
Time elapsed:3591.03seconds.
Warning message:
In cor(t(expr), method = cor.method, use = "pairwise.complete.obs") :
  the standard deviation is zero
