Loading required package: igraph

Attaching package: ‘igraph’

The following objects are masked from ‘package:stats’:

    decompose, spectrum

The following object is masked from ‘package:base’:

    union

Loading required package: reticulate
Loading required package: pandaR
Loading required package: Biobase
Loading required package: BiocGenerics

Attaching package: ‘BiocGenerics’

The following objects are masked from ‘package:igraph’:

    normalize, path, union

The following objects are masked from ‘package:stats’:

    IQR, mad, sd, var, xtabs

The following objects are masked from ‘package:base’:

    anyDuplicated, aperm, append, as.data.frame, basename, cbind,
    colnames, dirname, do.call, duplicated, eval, evalq, Filter, Find,
    get, grep, grepl, intersect, is.unsorted, lapply, Map, mapply,
    match, mget, order, paste, pmax, pmax.int, pmin, pmin.int,
    Position, rank, rbind, Reduce, rownames, sapply, setdiff, sort,
    table, tapply, union, unique, unsplit, which.max, which.min

Welcome to Bioconductor

    Vignettes contain introductory material; view with
    'browseVignettes()'. To cite Bioconductor, see
    'citation("Biobase")', and for packages 'citation("pkgname")'.

Loading required package: yarn
Setting options('download.file.method.GEOquery'='auto')
Setting options('GEOquery.inmemory.gpl'=FALSE)
Loading required package: matrixcalc

Attaching package: ‘matrixcalc’

The following object is masked from ‘package:igraph’:

    %s%



Warning message:
replacing previous import ‘utils::findMatches’ by ‘S4Vectors::findMatches’ when loading ‘AnnotationForge’ 
Loading required package: ExperimentHub
Loading required package: AnnotationHub
Loading required package: BiocFileCache
Loading required package: dbplyr

Attaching package: ‘AnnotationHub’

The following object is masked from ‘package:Biobase’:

    cache

'select()' returned 1:many mapping between keys and columns
Joining with `by = join_by(h_sapiens_ensembl_id)`
Joining with `by = join_by(h_sapiens_ensembl_id)`
Iteration0: hamming distance =5.33689
Iteration1: hamming distance =1.01246
Iteration2: hamming distance =0.88488
Iteration3: hamming distance =0.824
Iteration4: hamming distance =0.76778
Iteration5: hamming distance =0.70826
Iteration6: hamming distance =0.64565
Iteration7: hamming distance =0.58185
Iteration8: hamming distance =0.51893
Iteration9: hamming distance =0.45858
Iteration10: hamming distance =0.40198
Iteration11: hamming distance =0.3499
Iteration12: hamming distance =0.30268
Iteration13: hamming distance =0.26043
Iteration14: hamming distance =0.223
Iteration15: hamming distance =0.19015
Iteration16: hamming distance =0.16153
Iteration17: hamming distance =0.13676
Iteration18: hamming distance =0.11545
Iteration19: hamming distance =0.09719
Iteration20: hamming distance =0.08163
Iteration21: hamming distance =0.0684
Iteration22: hamming distance =0.0572
Iteration23: hamming distance =0.04775
Iteration24: hamming distance =0.0398
Iteration25: hamming distance =0.03312
Iteration26: hamming distance =0.02752
Iteration27: hamming distance =0.02284
Iteration28: hamming distance =0.01893
Iteration29: hamming distance =0.01568
Iteration30: hamming distance =0.01297
Iteration31: hamming distance =0.01072
Iteration32: hamming distance =0.00885
Iteration33: hamming distance =0.0073
Iteration34: hamming distance =0.00602
Iteration35: hamming distance =0.00496
Iteration36: hamming distance =0.00409
Iteration37: hamming distance =0.00336
Iteration38: hamming distance =0.00277
Iteration39: hamming distance =0.00228
Iteration40: hamming distance =0.00187
Iteration41: hamming distance =0.00154
Iteration42: hamming distance =0.00126
Iteration43: hamming distance =0.00104
Iteration44: hamming distance =0.00085
Successfully ran PANDA on 22932 Genes and 712 TFs.
Time elapsed:3354.02seconds.
Warning message:
In cor(t(expr), method = cor.method, use = "pairwise.complete.obs") :
  the standard deviation is zero
