Loading required package: igraph

Attaching package: ‘igraph’

The following objects are masked from ‘package:stats’:

    decompose, spectrum

The following object is masked from ‘package:base’:

    union

Loading required package: reticulate
Loading required package: pandaR
Loading required package: Biobase
Loading required package: BiocGenerics

Attaching package: ‘BiocGenerics’

The following objects are masked from ‘package:igraph’:

    normalize, path, union

The following objects are masked from ‘package:stats’:

    IQR, mad, sd, var, xtabs

The following objects are masked from ‘package:base’:

    anyDuplicated, aperm, append, as.data.frame, basename, cbind,
    colnames, dirname, do.call, duplicated, eval, evalq, Filter, Find,
    get, grep, grepl, intersect, is.unsorted, lapply, Map, mapply,
    match, mget, order, paste, pmax, pmax.int, pmin, pmin.int,
    Position, rank, rbind, Reduce, rownames, sapply, setdiff, sort,
    table, tapply, union, unique, unsplit, which.max, which.min

Welcome to Bioconductor

    Vignettes contain introductory material; view with
    'browseVignettes()'. To cite Bioconductor, see
    'citation("Biobase")', and for packages 'citation("pkgname")'.

Loading required package: yarn
Setting options('download.file.method.GEOquery'='auto')
Setting options('GEOquery.inmemory.gpl'=FALSE)
Loading required package: matrixcalc

Attaching package: ‘matrixcalc’

The following object is masked from ‘package:igraph’:

    %s%



Warning message:
replacing previous import ‘utils::findMatches’ by ‘S4Vectors::findMatches’ when loading ‘AnnotationForge’ 
Loading required package: ExperimentHub
Loading required package: AnnotationHub
Loading required package: BiocFileCache
Loading required package: dbplyr

Attaching package: ‘AnnotationHub’

The following object is masked from ‘package:Biobase’:

    cache

'select()' returned 1:many mapping between keys and columns
Joining with `by = join_by(h_sapiens_ensembl_id)`
Joining with `by = join_by(h_sapiens_ensembl_id)`
Iteration0: hamming distance =2.71951
Iteration1: hamming distance =0.60056
Iteration2: hamming distance =0.49492
Iteration3: hamming distance =0.44969
Iteration4: hamming distance =0.41408
Iteration5: hamming distance =0.37979
Iteration6: hamming distance =0.34538
Iteration7: hamming distance =0.3111
Iteration8: hamming distance =0.27763
Iteration9: hamming distance =0.24563
Iteration10: hamming distance =0.21563
Iteration11: hamming distance =0.18799
Iteration12: hamming distance =0.16288
Iteration13: hamming distance =0.14035
Iteration14: hamming distance =0.12035
Iteration15: hamming distance =0.10276
Iteration16: hamming distance =0.0874
Iteration17: hamming distance =0.07408
Iteration18: hamming distance =0.06259
Iteration19: hamming distance =0.05274
Iteration20: hamming distance =0.04433
Iteration21: hamming distance =0.03717
Iteration22: hamming distance =0.03111
Iteration23: hamming distance =0.02598
Iteration24: hamming distance =0.02167
Iteration25: hamming distance =0.01804
Iteration26: hamming distance =0.01499
Iteration27: hamming distance =0.01245
Iteration28: hamming distance =0.01032
Iteration29: hamming distance =0.00855
Iteration30: hamming distance =0.00707
Iteration31: hamming distance =0.00585
Iteration32: hamming distance =0.00483
Iteration33: hamming distance =0.00399
Iteration34: hamming distance =0.00329
Iteration35: hamming distance =0.00271
Iteration36: hamming distance =0.00223
Iteration37: hamming distance =0.00184
Iteration38: hamming distance =0.00151
Iteration39: hamming distance =0.00124
Iteration40: hamming distance =0.00102
Iteration41: hamming distance =0.00084
Successfully ran PANDA on 22932 Genes and 1111 TFs.
Time elapsed:3554.83seconds.
Warning message:
In cor(t(expr), method = cor.method, use = "pairwise.complete.obs") :
  the standard deviation is zero
