Loading required package: igraph

Attaching package: ‘igraph’

The following objects are masked from ‘package:stats’:

    decompose, spectrum

The following object is masked from ‘package:base’:

    union

Loading required package: reticulate
Loading required package: pandaR
Loading required package: Biobase
Loading required package: BiocGenerics

Attaching package: ‘BiocGenerics’

The following objects are masked from ‘package:igraph’:

    normalize, path, union

The following objects are masked from ‘package:stats’:

    IQR, mad, sd, var, xtabs

The following objects are masked from ‘package:base’:

    anyDuplicated, aperm, append, as.data.frame, basename, cbind,
    colnames, dirname, do.call, duplicated, eval, evalq, Filter, Find,
    get, grep, grepl, intersect, is.unsorted, lapply, Map, mapply,
    match, mget, order, paste, pmax, pmax.int, pmin, pmin.int,
    Position, rank, rbind, Reduce, rownames, sapply, setdiff, sort,
    table, tapply, union, unique, unsplit, which.max, which.min

Welcome to Bioconductor

    Vignettes contain introductory material; view with
    'browseVignettes()'. To cite Bioconductor, see
    'citation("Biobase")', and for packages 'citation("pkgname")'.

Loading required package: yarn
Setting options('download.file.method.GEOquery'='auto')
Setting options('GEOquery.inmemory.gpl'=FALSE)
Loading required package: matrixcalc

Attaching package: ‘matrixcalc’

The following object is masked from ‘package:igraph’:

    %s%



Warning message:
replacing previous import ‘utils::findMatches’ by ‘S4Vectors::findMatches’ when loading ‘AnnotationForge’ 
Loading required package: ExperimentHub
Loading required package: AnnotationHub
Loading required package: BiocFileCache
Loading required package: dbplyr

Attaching package: ‘AnnotationHub’

The following object is masked from ‘package:Biobase’:

    cache

'select()' returned 1:many mapping between keys and columns
Joining with `by = join_by(h_sapiens_ensembl_id)`
Joining with `by = join_by(h_sapiens_ensembl_id)`
Iteration0: hamming distance =4.21763
Iteration1: hamming distance =0.83281
Iteration2: hamming distance =0.72452
Iteration3: hamming distance =0.67337
Iteration4: hamming distance =0.62725
Iteration5: hamming distance =0.57892
Iteration6: hamming distance =0.5282
Iteration7: hamming distance =0.47649
Iteration8: hamming distance =0.42538
Iteration9: hamming distance =0.37625
Iteration10: hamming distance =0.33008
Iteration11: hamming distance =0.28751
Iteration12: hamming distance =0.24887
Iteration13: hamming distance =0.21424
Iteration14: hamming distance =0.18354
Iteration15: hamming distance =0.15657
Iteration16: hamming distance =0.13305
Iteration17: hamming distance =0.11269
Iteration18: hamming distance =0.09516
Iteration19: hamming distance =0.08014
Iteration20: hamming distance =0.06732
Iteration21: hamming distance =0.05643
Iteration22: hamming distance =0.0472
Iteration23: hamming distance =0.03941
Iteration24: hamming distance =0.03285
Iteration25: hamming distance =0.02734
Iteration26: hamming distance =0.02273
Iteration27: hamming distance =0.01886
Iteration28: hamming distance =0.01564
Iteration29: hamming distance =0.01295
Iteration30: hamming distance =0.01072
Iteration31: hamming distance =0.00886
Iteration32: hamming distance =0.00732
Iteration33: hamming distance =0.00604
Iteration34: hamming distance =0.00498
Iteration35: hamming distance =0.0041
Iteration36: hamming distance =0.00338
Iteration37: hamming distance =0.00278
Iteration38: hamming distance =0.00229
Iteration39: hamming distance =0.00188
Iteration40: hamming distance =0.00155
Iteration41: hamming distance =0.00127
Iteration42: hamming distance =0.00104
Iteration43: hamming distance =0.00086
Successfully ran PANDA on 22932 Genes and 712 TFs.
Time elapsed:5778.95seconds.
Warning message:
In cor(t(expr), method = cor.method, use = "pairwise.complete.obs") :
  the standard deviation is zero
