Loading required package: igraph

Attaching package: ‘igraph’

The following objects are masked from ‘package:stats’:

    decompose, spectrum

The following object is masked from ‘package:base’:

    union

Loading required package: reticulate
Loading required package: pandaR
Loading required package: Biobase
Loading required package: BiocGenerics

Attaching package: ‘BiocGenerics’

The following objects are masked from ‘package:igraph’:

    normalize, path, union

The following objects are masked from ‘package:stats’:

    IQR, mad, sd, var, xtabs

The following objects are masked from ‘package:base’:

    anyDuplicated, aperm, append, as.data.frame, basename, cbind,
    colnames, dirname, do.call, duplicated, eval, evalq, Filter, Find,
    get, grep, grepl, intersect, is.unsorted, lapply, Map, mapply,
    match, mget, order, paste, pmax, pmax.int, pmin, pmin.int,
    Position, rank, rbind, Reduce, rownames, sapply, setdiff, sort,
    table, tapply, union, unique, unsplit, which.max, which.min

Welcome to Bioconductor

    Vignettes contain introductory material; view with
    'browseVignettes()'. To cite Bioconductor, see
    'citation("Biobase")', and for packages 'citation("pkgname")'.

Loading required package: yarn
Setting options('download.file.method.GEOquery'='auto')
Setting options('GEOquery.inmemory.gpl'=FALSE)
Loading required package: matrixcalc

Attaching package: ‘matrixcalc’

The following object is masked from ‘package:igraph’:

    %s%



Warning message:
replacing previous import ‘utils::findMatches’ by ‘S4Vectors::findMatches’ when loading ‘AnnotationForge’ 
Loading required package: ExperimentHub
Loading required package: AnnotationHub
Loading required package: BiocFileCache
Loading required package: dbplyr

Attaching package: ‘AnnotationHub’

The following object is masked from ‘package:Biobase’:

    cache

'select()' returned 1:many mapping between keys and columns
Joining with `by = join_by(h_sapiens_ensembl_id)`
Joining with `by = join_by(h_sapiens_ensembl_id)`
Iteration0: hamming distance =3.17772
Iteration1: hamming distance =0.59147
Iteration2: hamming distance =0.51047
Iteration3: hamming distance =0.4717
Iteration4: hamming distance =0.43775
Iteration5: hamming distance =0.40316
Iteration6: hamming distance =0.3675
Iteration7: hamming distance =0.33149
Iteration8: hamming distance =0.29605
Iteration9: hamming distance =0.26204
Iteration10: hamming distance =0.23008
Iteration11: hamming distance =0.20059
Iteration12: hamming distance =0.17378
Iteration13: hamming distance =0.14972
Iteration14: hamming distance =0.12836
Iteration15: hamming distance =0.10957
Iteration16: hamming distance =0.09317
Iteration17: hamming distance =0.07895
Iteration18: hamming distance =0.06669
Iteration19: hamming distance =0.05618
Iteration20: hamming distance =0.04721
Iteration21: hamming distance =0.03958
Iteration22: hamming distance =0.03312
Iteration23: hamming distance =0.02765
Iteration24: hamming distance =0.02305
Iteration25: hamming distance =0.01919
Iteration26: hamming distance =0.01595
Iteration27: hamming distance =0.01324
Iteration28: hamming distance =0.01098
Iteration29: hamming distance =0.00909
Iteration30: hamming distance =0.00752
Iteration31: hamming distance =0.00622
Iteration32: hamming distance =0.00513
Iteration33: hamming distance =0.00424
Iteration34: hamming distance =0.00349
Iteration35: hamming distance =0.00288
Iteration36: hamming distance =0.00237
Iteration37: hamming distance =0.00195
Iteration38: hamming distance =0.00161
Iteration39: hamming distance =0.00132
Iteration40: hamming distance =0.00109
Iteration41: hamming distance =0.00089
Successfully ran PANDA on 22932 Genes and 1111 TFs.
Time elapsed:3761.79seconds.
Warning message:
In cor(t(expr), method = cor.method, use = "pairwise.complete.obs") :
  the standard deviation is zero
