Loading required package: igraph

Attaching package: ‘igraph’

The following objects are masked from ‘package:stats’:

    decompose, spectrum

The following object is masked from ‘package:base’:

    union

Loading required package: reticulate
Loading required package: pandaR
Loading required package: Biobase
Loading required package: BiocGenerics

Attaching package: ‘BiocGenerics’

The following objects are masked from ‘package:igraph’:

    normalize, path, union

The following objects are masked from ‘package:stats’:

    IQR, mad, sd, var, xtabs

The following objects are masked from ‘package:base’:

    anyDuplicated, aperm, append, as.data.frame, basename, cbind,
    colnames, dirname, do.call, duplicated, eval, evalq, Filter, Find,
    get, grep, grepl, intersect, is.unsorted, lapply, Map, mapply,
    match, mget, order, paste, pmax, pmax.int, pmin, pmin.int,
    Position, rank, rbind, Reduce, rownames, sapply, setdiff, sort,
    table, tapply, union, unique, unsplit, which.max, which.min

Welcome to Bioconductor

    Vignettes contain introductory material; view with
    'browseVignettes()'. To cite Bioconductor, see
    'citation("Biobase")', and for packages 'citation("pkgname")'.

Loading required package: yarn
Setting options('download.file.method.GEOquery'='auto')
Setting options('GEOquery.inmemory.gpl'=FALSE)
Loading required package: matrixcalc

Attaching package: ‘matrixcalc’

The following object is masked from ‘package:igraph’:

    %s%



Warning message:
replacing previous import ‘utils::findMatches’ by ‘S4Vectors::findMatches’ when loading ‘AnnotationForge’ 
Loading required package: ExperimentHub
Loading required package: AnnotationHub
Loading required package: BiocFileCache
Loading required package: dbplyr

Attaching package: ‘AnnotationHub’

The following object is masked from ‘package:Biobase’:

    cache

'select()' returned 1:many mapping between keys and columns
Joining with `by = join_by(h_sapiens_ensembl_id)`
Joining with `by = join_by(h_sapiens_ensembl_id)`
Iteration0: hamming distance =2.9217
Iteration1: hamming distance =0.59693
Iteration2: hamming distance =0.4983
Iteration3: hamming distance =0.45525
Iteration4: hamming distance =0.42045
Iteration5: hamming distance =0.38635
Iteration6: hamming distance =0.35178
Iteration7: hamming distance =0.31713
Iteration8: hamming distance =0.28316
Iteration9: hamming distance =0.2506
Iteration10: hamming distance =0.22003
Iteration11: hamming distance =0.19183
Iteration12: hamming distance =0.1662
Iteration13: hamming distance =0.1432
Iteration14: hamming distance =0.12278
Iteration15: hamming distance =0.10482
Iteration16: hamming distance =0.08914
Iteration17: hamming distance =0.07554
Iteration18: hamming distance =0.06383
Iteration19: hamming distance =0.05377
Iteration20: hamming distance =0.04519
Iteration21: hamming distance =0.03789
Iteration22: hamming distance =0.03171
Iteration23: hamming distance =0.02648
Iteration24: hamming distance =0.02208
Iteration25: hamming distance =0.01838
Iteration26: hamming distance =0.01528
Iteration27: hamming distance =0.01269
Iteration28: hamming distance =0.01052
Iteration29: hamming distance =0.00871
Iteration30: hamming distance =0.00721
Iteration31: hamming distance =0.00596
Iteration32: hamming distance =0.00492
Iteration33: hamming distance =0.00406
Iteration34: hamming distance =0.00335
Iteration35: hamming distance =0.00276
Iteration36: hamming distance =0.00227
Iteration37: hamming distance =0.00187
Iteration38: hamming distance =0.00154
Iteration39: hamming distance =0.00127
Iteration40: hamming distance =0.00104
Iteration41: hamming distance =0.00086
Successfully ran PANDA on 22932 Genes and 712 TFs.
Time elapsed:3099.6seconds.
Warning message:
In cor(t(expr), method = cor.method, use = "pairwise.complete.obs") :
  the standard deviation is zero
