Loading required package: igraph

Attaching package: ‘igraph’

The following objects are masked from ‘package:stats’:

    decompose, spectrum

The following object is masked from ‘package:base’:

    union

Loading required package: reticulate
Loading required package: pandaR
Loading required package: Biobase
Loading required package: BiocGenerics

Attaching package: ‘BiocGenerics’

The following objects are masked from ‘package:igraph’:

    normalize, path, union

The following objects are masked from ‘package:stats’:

    IQR, mad, sd, var, xtabs

The following objects are masked from ‘package:base’:

    anyDuplicated, aperm, append, as.data.frame, basename, cbind,
    colnames, dirname, do.call, duplicated, eval, evalq, Filter, Find,
    get, grep, grepl, intersect, is.unsorted, lapply, Map, mapply,
    match, mget, order, paste, pmax, pmax.int, pmin, pmin.int,
    Position, rank, rbind, Reduce, rownames, sapply, setdiff, sort,
    table, tapply, union, unique, unsplit, which.max, which.min

Welcome to Bioconductor

    Vignettes contain introductory material; view with
    'browseVignettes()'. To cite Bioconductor, see
    'citation("Biobase")', and for packages 'citation("pkgname")'.

Loading required package: yarn
Setting options('download.file.method.GEOquery'='auto')
Setting options('GEOquery.inmemory.gpl'=FALSE)
Loading required package: matrixcalc

Attaching package: ‘matrixcalc’

The following object is masked from ‘package:igraph’:

    %s%



Warning message:
replacing previous import ‘utils::findMatches’ by ‘S4Vectors::findMatches’ when loading ‘AnnotationForge’ 
Loading required package: ExperimentHub
Loading required package: AnnotationHub
Loading required package: BiocFileCache
Loading required package: dbplyr

Attaching package: ‘AnnotationHub’

The following object is masked from ‘package:Biobase’:

    cache

'select()' returned 1:many mapping between keys and columns
Joining with `by = join_by(h_sapiens_ensembl_id)`
Joining with `by = join_by(h_sapiens_ensembl_id)`
Iteration0: hamming distance =4.52968
Iteration1: hamming distance =0.89858
Iteration2: hamming distance =0.76205
Iteration3: hamming distance =0.70084
Iteration4: hamming distance =0.64899
Iteration5: hamming distance =0.59667
Iteration6: hamming distance =0.54289
Iteration7: hamming distance =0.48871
Iteration8: hamming distance =0.43557
Iteration9: hamming distance =0.38475
Iteration10: hamming distance =0.33716
Iteration11: hamming distance =0.29341
Iteration12: hamming distance =0.25378
Iteration13: hamming distance =0.21832
Iteration14: hamming distance =0.18693
Iteration15: hamming distance =0.15938
Iteration16: hamming distance =0.13539
Iteration17: hamming distance =0.11463
Iteration18: hamming distance =0.09676
Iteration19: hamming distance =0.08146
Iteration20: hamming distance =0.06841
Iteration21: hamming distance =0.05733
Iteration22: hamming distance =0.04795
Iteration23: hamming distance =0.04003
Iteration24: hamming distance =0.03336
Iteration25: hamming distance =0.02776
Iteration26: hamming distance =0.02307
Iteration27: hamming distance =0.01915
Iteration28: hamming distance =0.01587
Iteration29: hamming distance =0.01314
Iteration30: hamming distance =0.01087
Iteration31: hamming distance =0.00899
Iteration32: hamming distance =0.00742
Iteration33: hamming distance =0.00612
Iteration34: hamming distance =0.00505
Iteration35: hamming distance =0.00416
Iteration36: hamming distance =0.00343
Iteration37: hamming distance =0.00282
Iteration38: hamming distance =0.00232
Iteration39: hamming distance =0.00191
Iteration40: hamming distance =0.00157
Iteration41: hamming distance =0.00129
Iteration42: hamming distance =0.00106
Iteration43: hamming distance =0.00087
Successfully ran PANDA on 22932 Genes and 712 TFs.
Time elapsed:3278.78seconds.
Warning message:
In cor(t(expr), method = cor.method, use = "pairwise.complete.obs") :
  the standard deviation is zero
