Loading required package: igraph

Attaching package: ‘igraph’

The following objects are masked from ‘package:stats’:

    decompose, spectrum

The following object is masked from ‘package:base’:

    union

Loading required package: reticulate
Loading required package: pandaR
Loading required package: Biobase
Loading required package: BiocGenerics

Attaching package: ‘BiocGenerics’

The following objects are masked from ‘package:igraph’:

    normalize, path, union

The following objects are masked from ‘package:stats’:

    IQR, mad, sd, var, xtabs

The following objects are masked from ‘package:base’:

    anyDuplicated, aperm, append, as.data.frame, basename, cbind,
    colnames, dirname, do.call, duplicated, eval, evalq, Filter, Find,
    get, grep, grepl, intersect, is.unsorted, lapply, Map, mapply,
    match, mget, order, paste, pmax, pmax.int, pmin, pmin.int,
    Position, rank, rbind, Reduce, rownames, sapply, setdiff, sort,
    table, tapply, union, unique, unsplit, which.max, which.min

Welcome to Bioconductor

    Vignettes contain introductory material; view with
    'browseVignettes()'. To cite Bioconductor, see
    'citation("Biobase")', and for packages 'citation("pkgname")'.

Loading required package: yarn
Setting options('download.file.method.GEOquery'='auto')
Setting options('GEOquery.inmemory.gpl'=FALSE)
Loading required package: matrixcalc

Attaching package: ‘matrixcalc’

The following object is masked from ‘package:igraph’:

    %s%



Warning message:
replacing previous import ‘utils::findMatches’ by ‘S4Vectors::findMatches’ when loading ‘AnnotationForge’ 
Loading required package: ExperimentHub
Loading required package: AnnotationHub
Loading required package: BiocFileCache
Loading required package: dbplyr

Attaching package: ‘AnnotationHub’

The following object is masked from ‘package:Biobase’:

    cache

'select()' returned 1:many mapping between keys and columns
Joining with `by = join_by(h_sapiens_ensembl_id)`
Joining with `by = join_by(h_sapiens_ensembl_id)`
Iteration0: hamming distance =4.75187
Iteration1: hamming distance =0.82706
Iteration2: hamming distance =0.73751
Iteration3: hamming distance =0.69041
Iteration4: hamming distance =0.64507
Iteration5: hamming distance =0.59639
Iteration6: hamming distance =0.54478
Iteration7: hamming distance =0.49192
Iteration8: hamming distance =0.43952
Iteration9: hamming distance =0.38904
Iteration10: hamming distance =0.34152
Iteration11: hamming distance =0.29763
Iteration12: hamming distance =0.25774
Iteration13: hamming distance =0.22196
Iteration14: hamming distance =0.1902
Iteration15: hamming distance =0.16229
Iteration16: hamming distance =0.13794
Iteration17: hamming distance =0.11684
Iteration18: hamming distance =0.09867
Iteration19: hamming distance =0.08309
Iteration20: hamming distance =0.0698
Iteration21: hamming distance =0.0585
Iteration22: hamming distance =0.04894
Iteration23: hamming distance =0.04086
Iteration24: hamming distance =0.03406
Iteration25: hamming distance =0.02834
Iteration26: hamming distance =0.02355
Iteration27: hamming distance =0.01955
Iteration28: hamming distance =0.01621
Iteration29: hamming distance =0.01342
Iteration30: hamming distance =0.0111
Iteration31: hamming distance =0.00918
Iteration32: hamming distance =0.00758
Iteration33: hamming distance =0.00625
Iteration34: hamming distance =0.00516
Iteration35: hamming distance =0.00425
Iteration36: hamming distance =0.0035
Iteration37: hamming distance =0.00288
Iteration38: hamming distance =0.00237
Iteration39: hamming distance =0.00195
Iteration40: hamming distance =0.0016
Iteration41: hamming distance =0.00132
Iteration42: hamming distance =0.00108
Iteration43: hamming distance =0.00089
Successfully ran PANDA on 22932 Genes and 1111 TFs.
Time elapsed:3652.9seconds.
Warning message:
In cor(t(expr), method = cor.method, use = "pairwise.complete.obs") :
  the standard deviation is zero
