Loading required package: igraph

Attaching package: ‘igraph’

The following objects are masked from ‘package:stats’:

    decompose, spectrum

The following object is masked from ‘package:base’:

    union

Loading required package: reticulate
Loading required package: pandaR
Loading required package: Biobase
Loading required package: BiocGenerics

Attaching package: ‘BiocGenerics’

The following objects are masked from ‘package:igraph’:

    normalize, path, union

The following objects are masked from ‘package:stats’:

    IQR, mad, sd, var, xtabs

The following objects are masked from ‘package:base’:

    anyDuplicated, aperm, append, as.data.frame, basename, cbind,
    colnames, dirname, do.call, duplicated, eval, evalq, Filter, Find,
    get, grep, grepl, intersect, is.unsorted, lapply, Map, mapply,
    match, mget, order, paste, pmax, pmax.int, pmin, pmin.int,
    Position, rank, rbind, Reduce, rownames, sapply, setdiff, sort,
    table, tapply, union, unique, unsplit, which.max, which.min

Welcome to Bioconductor

    Vignettes contain introductory material; view with
    'browseVignettes()'. To cite Bioconductor, see
    'citation("Biobase")', and for packages 'citation("pkgname")'.

Loading required package: yarn
Setting options('download.file.method.GEOquery'='auto')
Setting options('GEOquery.inmemory.gpl'=FALSE)
Loading required package: matrixcalc

Attaching package: ‘matrixcalc’

The following object is masked from ‘package:igraph’:

    %s%



Warning message:
replacing previous import ‘utils::findMatches’ by ‘S4Vectors::findMatches’ when loading ‘AnnotationForge’ 
Loading required package: ExperimentHub
Loading required package: AnnotationHub
Loading required package: BiocFileCache
Loading required package: dbplyr

Attaching package: ‘AnnotationHub’

The following object is masked from ‘package:Biobase’:

    cache

'select()' returned 1:many mapping between keys and columns
Joining with `by = join_by(h_sapiens_ensembl_id)`
Joining with `by = join_by(h_sapiens_ensembl_id)`
Iteration0: hamming distance =6.09483
Iteration1: hamming distance =1.10061
Iteration2: hamming distance =0.98554
Iteration3: hamming distance =0.92436
Iteration4: hamming distance =0.86409
Iteration5: hamming distance =0.7986
Iteration6: hamming distance =0.7289
Iteration7: hamming distance =0.65747
Iteration8: hamming distance =0.58679
Iteration9: hamming distance =0.51882
Iteration10: hamming distance =0.45499
Iteration11: hamming distance =0.39616
Iteration12: hamming distance =0.34278
Iteration13: hamming distance =0.29498
Iteration14: hamming distance =0.25262
Iteration15: hamming distance =0.21543
Iteration16: hamming distance =0.18302
Iteration17: hamming distance =0.15496
Iteration18: hamming distance =0.13081
Iteration19: hamming distance =0.11012
Iteration20: hamming distance =0.09248
Iteration21: hamming distance =0.0775
Iteration22: hamming distance =0.06481
Iteration23: hamming distance =0.0541
Iteration24: hamming distance =0.04508
Iteration25: hamming distance =0.03751
Iteration26: hamming distance =0.03117
Iteration27: hamming distance =0.02587
Iteration28: hamming distance =0.02144
Iteration29: hamming distance =0.01775
Iteration30: hamming distance =0.01469
Iteration31: hamming distance =0.01214
Iteration32: hamming distance =0.01002
Iteration33: hamming distance =0.00827
Iteration34: hamming distance =0.00682
Iteration35: hamming distance =0.00562
Iteration36: hamming distance =0.00463
Iteration37: hamming distance =0.00381
Iteration38: hamming distance =0.00313
Iteration39: hamming distance =0.00258
Iteration40: hamming distance =0.00212
Iteration41: hamming distance =0.00174
Iteration42: hamming distance =0.00143
Iteration43: hamming distance =0.00117
Iteration44: hamming distance =0.00096
Successfully ran PANDA on 22932 Genes and 712 TFs.
Time elapsed:3345.55seconds.
Warning message:
In cor(t(expr), method = cor.method, use = "pairwise.complete.obs") :
  the standard deviation is zero
