Loading required package: igraph

Attaching package: ‘igraph’

The following objects are masked from ‘package:stats’:

    decompose, spectrum

The following object is masked from ‘package:base’:

    union

Loading required package: reticulate
Loading required package: pandaR
Loading required package: Biobase
Loading required package: BiocGenerics

Attaching package: ‘BiocGenerics’

The following objects are masked from ‘package:igraph’:

    normalize, path, union

The following objects are masked from ‘package:stats’:

    IQR, mad, sd, var, xtabs

The following objects are masked from ‘package:base’:

    anyDuplicated, aperm, append, as.data.frame, basename, cbind,
    colnames, dirname, do.call, duplicated, eval, evalq, Filter, Find,
    get, grep, grepl, intersect, is.unsorted, lapply, Map, mapply,
    match, mget, order, paste, pmax, pmax.int, pmin, pmin.int,
    Position, rank, rbind, Reduce, rownames, sapply, setdiff, sort,
    table, tapply, union, unique, unsplit, which.max, which.min

Welcome to Bioconductor

    Vignettes contain introductory material; view with
    'browseVignettes()'. To cite Bioconductor, see
    'citation("Biobase")', and for packages 'citation("pkgname")'.

Loading required package: yarn
Setting options('download.file.method.GEOquery'='auto')
Setting options('GEOquery.inmemory.gpl'=FALSE)
Loading required package: matrixcalc

Attaching package: ‘matrixcalc’

The following object is masked from ‘package:igraph’:

    %s%



Warning message:
replacing previous import ‘utils::findMatches’ by ‘S4Vectors::findMatches’ when loading ‘AnnotationForge’ 
Loading required package: ExperimentHub
Loading required package: AnnotationHub
Loading required package: BiocFileCache
Loading required package: dbplyr

Attaching package: ‘AnnotationHub’

The following object is masked from ‘package:Biobase’:

    cache

'select()' returned 1:many mapping between keys and columns
Joining with `by = join_by(h_sapiens_ensembl_id)`
Joining with `by = join_by(h_sapiens_ensembl_id)`
Iteration0: hamming distance =4.9115
Iteration1: hamming distance =0.87049
Iteration2: hamming distance =0.74592
Iteration3: hamming distance =0.68766
Iteration4: hamming distance =0.63731
Iteration5: hamming distance =0.58626
Iteration6: hamming distance =0.53374
Iteration7: hamming distance =0.48081
Iteration8: hamming distance =0.42887
Iteration9: hamming distance =0.37913
Iteration10: hamming distance =0.3325
Iteration11: hamming distance =0.28956
Iteration12: hamming distance =0.25061
Iteration13: hamming distance =0.21572
Iteration14: hamming distance =0.18479
Iteration15: hamming distance =0.15762
Iteration16: hamming distance =0.13394
Iteration17: hamming distance =0.11343
Iteration18: hamming distance =0.09577
Iteration19: hamming distance =0.08064
Iteration20: hamming distance =0.06773
Iteration21: hamming distance =0.05676
Iteration22: hamming distance =0.04747
Iteration23: hamming distance =0.03963
Iteration24: hamming distance =0.03303
Iteration25: hamming distance =0.02749
Iteration26: hamming distance =0.02284
Iteration27: hamming distance =0.01895
Iteration28: hamming distance =0.01571
Iteration29: hamming distance =0.01301
Iteration30: hamming distance =0.01076
Iteration31: hamming distance =0.00889
Iteration32: hamming distance =0.00734
Iteration33: hamming distance =0.00606
Iteration34: hamming distance =0.005
Iteration35: hamming distance =0.00412
Iteration36: hamming distance =0.00339
Iteration37: hamming distance =0.00279
Iteration38: hamming distance =0.0023
Iteration39: hamming distance =0.00189
Iteration40: hamming distance =0.00155
Iteration41: hamming distance =0.00128
Iteration42: hamming distance =0.00105
Iteration43: hamming distance =0.00086
Successfully ran PANDA on 22932 Genes and 1111 TFs.
Time elapsed:3780.87seconds.
Warning message:
In cor(t(expr), method = cor.method, use = "pairwise.complete.obs") :
  the standard deviation is zero
